Found 1 Ready tickets...
@notionhq/client warn: request fail {
  code: 'validation_error',
  message: 'Technical Expansion is not a property that exists.',
  attempt: 0,
  requestId: 'fee209e0-f9d3-4ded-bee6-839dcd7e98f7'
}
Failed page: 3156faa4-f6d4-80ac-93c8-e7071ea84644 Technical Expansion is not a property that exists.
Found 2 Ready tickets...
@notionhq/client warn: request fail {
  code: 'validation_error',
  message: 'Technical Expansion is not a property that exists.',
  attempt: 0,
  requestId: 'c9ce2e5d-8218-4a1d-b83c-9b5a618c308f'
}
Failed page: 3156faa4-f6d4-80ac-93c8-e7071ea84644 Technical Expansion is not a property that exists.
@notionhq/client warn: request fail {
  code: 'validation_error',
  message: 'Technical Expansion is not a property that exists.',
  attempt: 0,
  requestId: '0dcde12e-2fbe-4aff-9d1d-b6dfcca694c7'
}
Failed page: 3156faa4-f6d4-80e1-8c46-dc38cc63c1c3 Technical Expansion is not a property that exists.
Found 2 Ready tickets...
Expanded: Agregar diccionario i18n
Expanded: Agregar todos los textos al diccionario i18n
No Ready tickets.
No Ready tickets.
No Ready tickets.
No Ready tickets.
No Ready tickets.
No Ready tickets.
No Ready tickets.
No Ready tickets.
No Ready tickets.
No Ready tickets.
No Ready tickets.
No Ready tickets.
Found 1 Ready tickets...
Expanded: Quiero agregar test a mis endpoints de productos
No Ready tickets.
No Ready tickets.
No Ready tickets.
No Ready tickets.
No Ready tickets.
No Ready tickets.
No Ready tickets.
No Ready tickets.
No Ready tickets.
No Ready tickets.
No Ready tickets.
No Ready tickets.
No Ready tickets.
No Ready tickets.
No Ready tickets.
No Ready tickets.
No Ready tickets.
No Ready tickets.
No Ready tickets.
No Ready tickets.
No Ready tickets.
No Ready tickets.
No Ready tickets.
No Ready tickets.
No Ready tickets.
No Ready tickets.
No Ready tickets.
No Ready tickets.
No Ready tickets.
No Ready tickets.
No Ready tickets.
No Ready tickets.
No Ready tickets.
No Ready tickets.
No Ready tickets.
No Ready tickets.
No Ready tickets.
No Ready tickets.
No Ready tickets.
No Ready tickets.
No Ready tickets.
No Ready tickets.
No Ready tickets.
No Ready tickets.
No Ready tickets.
No Ready tickets.
No Ready tickets.
No Ready tickets.
No Ready tickets.
No Ready tickets.
No Ready tickets.
No Ready tickets.
No Ready tickets.
No Ready tickets.
No Ready tickets.
No Ready tickets.
No Ready tickets.
No Ready tickets.
No Ready tickets.
No Ready tickets.
No Ready tickets.
No Ready tickets.
No Ready tickets.
No Ready tickets.
No Ready tickets.
No Ready tickets.
No Ready tickets.
No Ready tickets.
No Ready tickets.
No Ready tickets.
No Ready tickets.
No Ready tickets.
No Ready tickets.
No Ready tickets.
No Ready tickets.
No Ready tickets.
No Ready tickets.
No Ready tickets.
No Ready tickets.
No Ready tickets.
No Ready tickets.
No Ready tickets.
@notionhq/client warn: request fail {
  code: 'unauthorized',
  message: 'API token is invalid.',
  attempt: 0,
  requestId: '545ce138-1d39-40e8-906d-7e24abb07d55'
}
APIResponseError: API token is invalid.
    at buildRequestError (/root/.openclaw/node_modules/@notionhq/client/build/src/errors.js:212:16)
    at Client.executeSingleRequest (/root/.openclaw/node_modules/@notionhq/client/build/src/Client.js:692:50)
    at process.processTicksAndRejections (node:internal/process/task_queues:105:5)
    at async Client.executeWithRetry (/root/.openclaw/node_modules/@notionhq/client/build/src/Client.js:650:24)
    at async main (/root/.openclaw/scripts/auto_expand_ready_ferreteria.js:125:15) {
  code: 'unauthorized',
  status: 401,
  headers: Headers {
    date: 'Sun, 01 Mar 2026 02:40:01 GMT',
    'content-type': 'application/json; charset=utf-8',
    'content-length': '139',
    connection: 'keep-alive',
    server: 'cloudflare',
    'cf-ray': '9d54cb695de8480d-GRU',
    'cf-cache-status': 'DYNAMIC',
    etag: 'W/"8b-r0/oBZAuQxphQv3UJ6lrUcXQHkw"',
    'strict-transport-security': 'max-age=31536000; includeSubDomains; preload',
    vary: 'Accept-Encoding',
    'content-security-policy': "default-src 'none'",
    'referrer-policy': 'strict-origin-when-cross-origin',
    'x-content-type-options': 'nosniff',
    'x-dns-prefetch-control': 'off',
    'x-download-options': 'noopen',
    'x-frame-options': 'SAMEORIGIN',
    'x-notion-request-id': '545ce138-1d39-40e8-906d-7e24abb07d55',
    'x-permitted-cross-domain-policies': 'none',
    'x-xss-protection': '0',
    'set-cookie': '__cf_bm=HQMl0wsI0zquBUU5fMw7E8tEU8whrJkGRcrTdoU9IY0-1772332801-1.0.1.1-Mb3n2toB0zEmaCTkb.bCRCiyQinwEQUBf8hKKBYclhysbzNJcH3ENm5t1e3Lxg1vXJMYDBQX_XZ1YLwgay3VTd8qEX0WrhSyMYACa_AE0BQ; path=/; expires=Sun, 01-Mar-26 03:10:01 GMT; domain=.notion.com; HttpOnly; Secure; SameSite=None, _cfuvid=lxYu_lpy8p76ZGNUBCiwuUhW4ilkN_16azHei6bFRtw-1772332801766-0.0.1.1-604800000; path=/; domain=.notion.com; HttpOnly; Secure; SameSite=None',
    'alt-svc': 'h3=":443"; ma=86400'
  },
  body: '{"object":"error","status":401,"code":"unauthorized","message":"API token is invalid.","request_id":"545ce138-1d39-40e8-906d-7e24abb07d55"}',
  additional_data: undefined,
  request_id: '545ce138-1d39-40e8-906d-7e24abb07d55'
}
@notionhq/client warn: request fail {
  code: 'unauthorized',
  message: 'API token is invalid.',
  attempt: 0,
  requestId: '8ea0618e-6207-4aa5-b4ef-13c52ce55aca'
}
APIResponseError: API token is invalid.
    at buildRequestError (/root/.openclaw/node_modules/@notionhq/client/build/src/errors.js:212:16)
    at Client.executeSingleRequest (/root/.openclaw/node_modules/@notionhq/client/build/src/Client.js:692:50)
    at process.processTicksAndRejections (node:internal/process/task_queues:105:5)
    at async Client.executeWithRetry (/root/.openclaw/node_modules/@notionhq/client/build/src/Client.js:650:24)
    at async main (/root/.openclaw/scripts/auto_expand_ready_ferreteria.js:125:15) {
  code: 'unauthorized',
  status: 401,
  headers: Headers {
    date: 'Sun, 01 Mar 2026 03:00:01 GMT',
    'content-type': 'application/json; charset=utf-8',
    'content-length': '139',
    connection: 'keep-alive',
    server: 'cloudflare',
    'cf-ray': '9d54e8b639fff17d-GRU',
    'cf-cache-status': 'DYNAMIC',
    etag: 'W/"8b-+lUpJXzjK/dvxPcmShLDVP4v/ps"',
    'strict-transport-security': 'max-age=31536000; includeSubDomains; preload',
    vary: 'Accept-Encoding',
    'content-security-policy': "default-src 'none'",
    'referrer-policy': 'strict-origin-when-cross-origin',
    'x-content-type-options': 'nosniff',
    'x-dns-prefetch-control': 'off',
    'x-download-options': 'noopen',
    'x-frame-options': 'SAMEORIGIN',
    'x-notion-request-id': '8ea0618e-6207-4aa5-b4ef-13c52ce55aca',
    'x-permitted-cross-domain-policies': 'none',
    'x-xss-protection': '0',
    'set-cookie': '__cf_bm=25kG2j._UkhzJy80mne147suHYWWYhXvg8s89GsfeQA-1772334001-1.0.1.1-.lt2F4MUjUEA6KdkoiV_PWag9Xr28lYpXJJCZFGLcAHgaC.KdiNYlt0zXiScoUEQ_ctT1be6IKZHtil6iz6Ql.PuLF44GuKTyMPWTsauYNw; path=/; expires=Sun, 01-Mar-26 03:30:01 GMT; domain=.notion.com; HttpOnly; Secure; SameSite=None, _cfuvid=RuSaEEe_epIGbiUbSJqFIaZJyjrzMS7g86Vh7ZbPSSM-1772334001944-0.0.1.1-604800000; path=/; domain=.notion.com; HttpOnly; Secure; SameSite=None',
    'alt-svc': 'h3=":443"; ma=86400'
  },
  body: '{"object":"error","status":401,"code":"unauthorized","message":"API token is invalid.","request_id":"8ea0618e-6207-4aa5-b4ef-13c52ce55aca"}',
  additional_data: undefined,
  request_id: '8ea0618e-6207-4aa5-b4ef-13c52ce55aca'
}
@notionhq/client warn: request fail {
  code: 'unauthorized',
  message: 'API token is invalid.',
  attempt: 0,
  requestId: '8bae123d-1e52-4edd-898c-f3ba5882f344'
}
APIResponseError: API token is invalid.
    at buildRequestError (/root/.openclaw/node_modules/@notionhq/client/build/src/errors.js:212:16)
    at Client.executeSingleRequest (/root/.openclaw/node_modules/@notionhq/client/build/src/Client.js:692:50)
    at process.processTicksAndRejections (node:internal/process/task_queues:105:5)
    at async Client.executeWithRetry (/root/.openclaw/node_modules/@notionhq/client/build/src/Client.js:650:24)
    at async main (/root/.openclaw/scripts/auto_expand_ready_ferreteria.js:125:15) {
  code: 'unauthorized',
  status: 401,
  headers: Headers {
    date: 'Sun, 01 Mar 2026 03:20:02 GMT',
    'content-type': 'application/json; charset=utf-8',
    'content-length': '139',
    connection: 'keep-alive',
    server: 'cloudflare',
    'cf-ray': '9d550604df23a4e1-GRU',
    'cf-cache-status': 'DYNAMIC',
    etag: 'W/"8b-s+QvG6Ib3r8AXKuEcKjs5wT0aMM"',
    'strict-transport-security': 'max-age=31536000; includeSubDomains; preload',
    vary: 'Accept-Encoding',
    'content-security-policy': "default-src 'none'",
    'referrer-policy': 'strict-origin-when-cross-origin',
    'x-content-type-options': 'nosniff',
    'x-dns-prefetch-control': 'off',
    'x-download-options': 'noopen',
    'x-frame-options': 'SAMEORIGIN',
    'x-notion-request-id': '8bae123d-1e52-4edd-898c-f3ba5882f344',
    'x-permitted-cross-domain-policies': 'none',
    'x-xss-protection': '0',
    'set-cookie': '__cf_bm=aciQlKacoRDP_O4An1i9DLmP2_eKOK45kUnJQ1x2feY-1772335202-1.0.1.1-rDNJkTQPKV4bBt6zDGA2w3p9r4T2XYhQMyplFadh0X1RNzQc_x0QSJXup09cPl6Ijh42hZlavtF5EgvCmLsaqRyhxF5iTqpWhgsN_UnIkGo; path=/; expires=Sun, 01-Mar-26 03:50:02 GMT; domain=.notion.com; HttpOnly; Secure; SameSite=None, _cfuvid=LJmO.5CdV3pUHCZP3VG_38IPqTF5KGerCxWwQxyi5Do-1772335202308-0.0.1.1-604800000; path=/; domain=.notion.com; HttpOnly; Secure; SameSite=None',
    'alt-svc': 'h3=":443"; ma=86400'
  },
  body: '{"object":"error","status":401,"code":"unauthorized","message":"API token is invalid.","request_id":"8bae123d-1e52-4edd-898c-f3ba5882f344"}',
  additional_data: undefined,
  request_id: '8bae123d-1e52-4edd-898c-f3ba5882f344'
}
@notionhq/client warn: request fail {
  code: 'unauthorized',
  message: 'API token is invalid.',
  attempt: 0,
  requestId: '0dc590b7-f371-470b-aa18-682c36adfe37'
}
APIResponseError: API token is invalid.
    at buildRequestError (/root/.openclaw/node_modules/@notionhq/client/build/src/errors.js:212:16)
    at Client.executeSingleRequest (/root/.openclaw/node_modules/@notionhq/client/build/src/Client.js:692:50)
    at process.processTicksAndRejections (node:internal/process/task_queues:105:5)
    at async Client.executeWithRetry (/root/.openclaw/node_modules/@notionhq/client/build/src/Client.js:650:24)
    at async main (/root/.openclaw/scripts/auto_expand_ready_ferreteria.js:125:15) {
  code: 'unauthorized',
  status: 401,
  headers: Headers {
    date: 'Sun, 01 Mar 2026 03:40:01 GMT',
    'content-type': 'application/json; charset=utf-8',
    'content-length': '139',
    connection: 'keep-alive',
    server: 'cloudflare',
    'cf-ray': '9d55234d3ff24b40-GRU',
    'cf-cache-status': 'DYNAMIC',
    etag: 'W/"8b-cj3z8vdlU4pLSH5OQvfS8GZhAgo"',
    'strict-transport-security': 'max-age=31536000; includeSubDomains; preload',
    vary: 'Accept-Encoding',
    'content-security-policy': "default-src 'none'",
    'referrer-policy': 'strict-origin-when-cross-origin',
    'x-content-type-options': 'nosniff',
    'x-dns-prefetch-control': 'off',
    'x-download-options': 'noopen',
    'x-frame-options': 'SAMEORIGIN',
    'x-notion-request-id': '0dc590b7-f371-470b-aa18-682c36adfe37',
    'x-permitted-cross-domain-policies': 'none',
    'x-xss-protection': '0',
    'set-cookie': '__cf_bm=HzgC9RxS6Xv8Ou7NvVtcmVGu4UyP5mjid5WLMzjUMso-1772336401-1.0.1.1-tuGb9WFrddDgXZwIdxcFkahWaZUO37K6UBiIf51zO_H4BDHlJ0xNlEQCWRs0CkA66UFpBhVBTMw5h3G2GZu7EYhGXa0vbFrQfCmKLQi6654; path=/; expires=Sun, 01-Mar-26 04:10:01 GMT; domain=.notion.com; HttpOnly; Secure; SameSite=None, _cfuvid=UJ5CgbyCqK3eSDVv5JQjyw.DhMR3hSn80YH9KsJReVs-1772336401717-0.0.1.1-604800000; path=/; domain=.notion.com; HttpOnly; Secure; SameSite=None',
    'alt-svc': 'h3=":443"; ma=86400'
  },
  body: '{"object":"error","status":401,"code":"unauthorized","message":"API token is invalid.","request_id":"0dc590b7-f371-470b-aa18-682c36adfe37"}',
  additional_data: undefined,
  request_id: '0dc590b7-f371-470b-aa18-682c36adfe37'
}
@notionhq/client warn: request fail {
  code: 'unauthorized',
  message: 'API token is invalid.',
  attempt: 0,
  requestId: 'ecd8531c-de39-418f-adfc-286105104c1b'
}
APIResponseError: API token is invalid.
    at buildRequestError (/root/.openclaw/node_modules/@notionhq/client/build/src/errors.js:212:16)
    at Client.executeSingleRequest (/root/.openclaw/node_modules/@notionhq/client/build/src/Client.js:692:50)
    at process.processTicksAndRejections (node:internal/process/task_queues:105:5)
    at async Client.executeWithRetry (/root/.openclaw/node_modules/@notionhq/client/build/src/Client.js:650:24)
    at async main (/root/.openclaw/scripts/auto_expand_ready_ferreteria.js:125:15) {
  code: 'unauthorized',
  status: 401,
  headers: Headers {
    date: 'Sun, 01 Mar 2026 04:00:02 GMT',
    'content-type': 'application/json; charset=utf-8',
    'content-length': '139',
    connection: 'keep-alive',
    server: 'cloudflare',
    'cf-ray': '9d55409cc83ed48d-GRU',
    'cf-cache-status': 'DYNAMIC',
    etag: 'W/"8b-FxTqHrPUX37pP7gjt6keCgDmg5s"',
    'strict-transport-security': 'max-age=31536000; includeSubDomains; preload',
    vary: 'Accept-Encoding',
    'content-security-policy': "default-src 'none'",
    'referrer-policy': 'strict-origin-when-cross-origin',
    'x-content-type-options': 'nosniff',
    'x-dns-prefetch-control': 'off',
    'x-download-options': 'noopen',
    'x-frame-options': 'SAMEORIGIN',
    'x-notion-request-id': 'ecd8531c-de39-418f-adfc-286105104c1b',
    'x-permitted-cross-domain-policies': 'none',
    'x-xss-protection': '0',
    'set-cookie': '__cf_bm=7uPMbT0b7H9Y5DphC6ssdGKs_Eow0ZGZJqcYgEKRr6Q-1772337602-1.0.1.1-.jVe_jnZ5l4uikWtzWtskMe9f9fRl4kPlWm7s2OHvOxWFWLoH.buLWl4i7Tgyb1v6aAKEHyj.ZOh3ZCe2QPDKaKYoosrHXD6PIqkK8ijPyw; path=/; expires=Sun, 01-Mar-26 04:30:02 GMT; domain=.notion.com; HttpOnly; Secure; SameSite=None, _cfuvid=YDFTs3MeFgepwviJ1cuKzI0RaIkSDDVMBDpoK8buzoc-1772337602855-0.0.1.1-604800000; path=/; domain=.notion.com; HttpOnly; Secure; SameSite=None',
    'alt-svc': 'h3=":443"; ma=86400'
  },
  body: '{"object":"error","status":401,"code":"unauthorized","message":"API token is invalid.","request_id":"ecd8531c-de39-418f-adfc-286105104c1b"}',
  additional_data: undefined,
  request_id: 'ecd8531c-de39-418f-adfc-286105104c1b'
}
@notionhq/client warn: request fail {
  code: 'unauthorized',
  message: 'API token is invalid.',
  attempt: 0,
  requestId: 'b377a564-fdb5-4a27-9c88-4bf235b4464e'
}
APIResponseError: API token is invalid.
    at buildRequestError (/root/.openclaw/node_modules/@notionhq/client/build/src/errors.js:212:16)
    at Client.executeSingleRequest (/root/.openclaw/node_modules/@notionhq/client/build/src/Client.js:692:50)
    at process.processTicksAndRejections (node:internal/process/task_queues:105:5)
    at async Client.executeWithRetry (/root/.openclaw/node_modules/@notionhq/client/build/src/Client.js:650:24)
    at async main (/root/.openclaw/scripts/auto_expand_ready_ferreteria.js:125:15) {
  code: 'unauthorized',
  status: 401,
  headers: Headers {
    date: 'Sun, 01 Mar 2026 04:01:02 GMT',
    'content-type': 'application/json; charset=utf-8',
    'content-length': '139',
    connection: 'keep-alive',
    server: 'cloudflare',
    'cf-ray': '9d554214db36a4c9-GRU',
    'cf-cache-status': 'DYNAMIC',
    etag: 'W/"8b-rleebHd+K6RgKz+66C0G1isfL5I"',
    'strict-transport-security': 'max-age=31536000; includeSubDomains; preload',
    vary: 'Accept-Encoding',
    'content-security-policy': "default-src 'none'",
    'referrer-policy': 'strict-origin-when-cross-origin',
    'x-content-type-options': 'nosniff',
    'x-dns-prefetch-control': 'off',
    'x-download-options': 'noopen',
    'x-frame-options': 'SAMEORIGIN',
    'x-notion-request-id': 'b377a564-fdb5-4a27-9c88-4bf235b4464e',
    'x-permitted-cross-domain-policies': 'none',
    'x-xss-protection': '0',
    'set-cookie': '__cf_bm=odhIVIZZ._b1QeouNqDb2vJmjFJMH2fRDHBb1VIUJO8-1772337662-1.0.1.1-epbU73yiKjUAJNtC0w1.VGfS6g6Uh.6.rj4wuzg8p5y1QuPXTx7AoMaJ0QyRyF4eFV1c4HFsBOVRlr7Y9Dfxe0pmKyQkWDxLpccp4ivYqQE; path=/; expires=Sun, 01-Mar-26 04:31:02 GMT; domain=.notion.com; HttpOnly; Secure; SameSite=None, _cfuvid=Yx0eVi.No6qasNlj45bntXaoB3Q9J1MQWicGwWfOKKk-1772337662544-0.0.1.1-604800000; path=/; domain=.notion.com; HttpOnly; Secure; SameSite=None',
    'alt-svc': 'h3=":443"; ma=86400'
  },
  body: '{"object":"error","status":401,"code":"unauthorized","message":"API token is invalid.","request_id":"b377a564-fdb5-4a27-9c88-4bf235b4464e"}',
  additional_data: undefined,
  request_id: 'b377a564-fdb5-4a27-9c88-4bf235b4464e'
}
@notionhq/client warn: request fail {
  code: 'unauthorized',
  message: 'API token is invalid.',
  attempt: 0,
  requestId: '9e98a900-ae1a-463e-bb43-d3ad58a70042'
}
APIResponseError: API token is invalid.
    at buildRequestError (/root/.openclaw/node_modules/@notionhq/client/build/src/errors.js:212:16)
    at Client.executeSingleRequest (/root/.openclaw/node_modules/@notionhq/client/build/src/Client.js:692:50)
    at process.processTicksAndRejections (node:internal/process/task_queues:105:5)
    at async Client.executeWithRetry (/root/.openclaw/node_modules/@notionhq/client/build/src/Client.js:650:24)
    at async main (/root/.openclaw/scripts/auto_expand_ready_ferreteria.js:125:15) {
  code: 'unauthorized',
  status: 401,
  headers: Headers {
    date: 'Sun, 01 Mar 2026 04:02:02 GMT',
    'content-type': 'application/json; charset=utf-8',
    'content-length': '139',
    connection: 'keep-alive',
    server: 'cloudflare',
    'cf-ray': '9d554389bd191aae-GRU',
    'cf-cache-status': 'DYNAMIC',
    etag: 'W/"8b-yCUIpE5kmWCj//8/Y0hN3Ly1ycY"',
    'strict-transport-security': 'max-age=31536000; includeSubDomains; preload',
    vary: 'Accept-Encoding',
    'content-security-policy': "default-src 'none'",
    'referrer-policy': 'strict-origin-when-cross-origin',
    'x-content-type-options': 'nosniff',
    'x-dns-prefetch-control': 'off',
    'x-download-options': 'noopen',
    'x-frame-options': 'SAMEORIGIN',
    'x-notion-request-id': '9e98a900-ae1a-463e-bb43-d3ad58a70042',
    'x-permitted-cross-domain-policies': 'none',
    'x-xss-protection': '0',
    'set-cookie': '__cf_bm=IrK6OZSLFmQ6W7w.lkmOLrITLtThBGjQfvQZPCYfEIw-1772337722-1.0.1.1-qWU46hRKTN4QM7tHKPJWDR7lzMS6GYXbcAK.reEEqa_yWbJOMQplqz4yaUQOJpQ.fpY2a4pbcSZtCnS6H4xtKEajk_VLCpIuT8YMvi3_iL4; path=/; expires=Sun, 01-Mar-26 04:32:02 GMT; domain=.notion.com; HttpOnly; Secure; SameSite=None, _cfuvid=_jRqrTsSPVuAhawDNcEVOD.1R8jzmMBA4rnLPajGago-1772337722138-0.0.1.1-604800000; path=/; domain=.notion.com; HttpOnly; Secure; SameSite=None',
    'alt-svc': 'h3=":443"; ma=86400'
  },
  body: '{"object":"error","status":401,"code":"unauthorized","message":"API token is invalid.","request_id":"9e98a900-ae1a-463e-bb43-d3ad58a70042"}',
  additional_data: undefined,
  request_id: '9e98a900-ae1a-463e-bb43-d3ad58a70042'
}
@notionhq/client warn: request fail {
  code: 'unauthorized',
  message: 'API token is invalid.',
  attempt: 0,
  requestId: '4406102e-3c73-4848-825b-a63de34fa3d0'
}
APIResponseError: API token is invalid.
    at buildRequestError (/root/.openclaw/node_modules/@notionhq/client/build/src/errors.js:212:16)
    at Client.executeSingleRequest (/root/.openclaw/node_modules/@notionhq/client/build/src/Client.js:692:50)
    at process.processTicksAndRejections (node:internal/process/task_queues:105:5)
    at async Client.executeWithRetry (/root/.openclaw/node_modules/@notionhq/client/build/src/Client.js:650:24)
    at async main (/root/.openclaw/scripts/auto_expand_ready_ferreteria.js:125:15) {
  code: 'unauthorized',
  status: 401,
  headers: Headers {
    date: 'Sun, 01 Mar 2026 04:03:01 GMT',
    'content-type': 'application/json; charset=utf-8',
    'content-length': '139',
    connection: 'keep-alive',
    server: 'cloudflare',
    'cf-ray': '9d5544ff9eb5794f-GRU',
    'cf-cache-status': 'DYNAMIC',
    etag: 'W/"8b-XM3RVdu7r/JbAcFGRjBVMmVUs2c"',
    'strict-transport-security': 'max-age=31536000; includeSubDomains; preload',
    vary: 'Accept-Encoding',
    'content-security-policy': "default-src 'none'",
    'referrer-policy': 'strict-origin-when-cross-origin',
    'x-content-type-options': 'nosniff',
    'x-dns-prefetch-control': 'off',
    'x-download-options': 'noopen',
    'x-frame-options': 'SAMEORIGIN',
    'x-notion-request-id': '4406102e-3c73-4848-825b-a63de34fa3d0',
    'x-permitted-cross-domain-policies': 'none',
    'x-xss-protection': '0',
    'set-cookie': '__cf_bm=BuJI.WmECDNcmuvb2ozpNZbEDVDyY1yzPOQy4SArKQ0-1772337781-1.0.1.1-yV1x04e9IkiIFqaD3HGz_Io4Uqd_RkfhSZn.mnLOuUomp050lnXolj4dl4NZEqZUoeLJFcemsVI3Nue5wLDk1_BK3PR6BZETpfGaj.K7dmU; path=/; expires=Sun, 01-Mar-26 04:33:01 GMT; domain=.notion.com; HttpOnly; Secure; SameSite=None, _cfuvid=d7PGH53kxS6TwH1XQYKMMmTz7A4w_wNShngZaTY2h5Y-1772337781939-0.0.1.1-604800000; path=/; domain=.notion.com; HttpOnly; Secure; SameSite=None',
    'alt-svc': 'h3=":443"; ma=86400'
  },
  body: '{"object":"error","status":401,"code":"unauthorized","message":"API token is invalid.","request_id":"4406102e-3c73-4848-825b-a63de34fa3d0"}',
  additional_data: undefined,
  request_id: '4406102e-3c73-4848-825b-a63de34fa3d0'
}
@notionhq/client warn: request fail {
  code: 'unauthorized',
  message: 'API token is invalid.',
  attempt: 0,
  requestId: 'b7489c08-a655-42d1-9f70-53109126c938'
}
APIResponseError: API token is invalid.
    at buildRequestError (/root/.openclaw/node_modules/@notionhq/client/build/src/errors.js:212:16)
    at Client.executeSingleRequest (/root/.openclaw/node_modules/@notionhq/client/build/src/Client.js:692:50)
    at process.processTicksAndRejections (node:internal/process/task_queues:105:5)
    at async Client.executeWithRetry (/root/.openclaw/node_modules/@notionhq/client/build/src/Client.js:650:24)
    at async main (/root/.openclaw/scripts/auto_expand_ready_ferreteria.js:125:15) {
  code: 'unauthorized',
  status: 401,
  headers: Headers {
    date: 'Sun, 01 Mar 2026 04:04:02 GMT',
    'content-type': 'application/json; charset=utf-8',
    'content-length': '139',
    connection: 'keep-alive',
    server: 'cloudflare',
    'cf-ray': '9d554677cb0f2ce9-GRU',
    'cf-cache-status': 'DYNAMIC',
    etag: 'W/"8b-ct+gKjLdVPBv3VQVU6Dq99et5e0"',
    'strict-transport-security': 'max-age=31536000; includeSubDomains; preload',
    vary: 'Accept-Encoding',
    'content-security-policy': "default-src 'none'",
    'referrer-policy': 'strict-origin-when-cross-origin',
    'x-content-type-options': 'nosniff',
    'x-dns-prefetch-control': 'off',
    'x-download-options': 'noopen',
    'x-frame-options': 'SAMEORIGIN',
    'x-notion-request-id': 'b7489c08-a655-42d1-9f70-53109126c938',
    'x-permitted-cross-domain-policies': 'none',
    'x-xss-protection': '0',
    'set-cookie': '__cf_bm=l2c4d05uBMa7wxGVNJQ1lPddJD_CisOqcyCLdQ66.P0-1772337842-1.0.1.1-DZ7BdK7E1F1hwXscPZrPsP_1Q3fYqIS89GFaCpGingQOq6JYxR2z1KPj3ExvPmLsFKHLGDbAOT0QgxtMfqUtf4d0xm9.jGQw9Fxx4BgIu8Y; path=/; expires=Sun, 01-Mar-26 04:34:02 GMT; domain=.notion.com; HttpOnly; Secure; SameSite=None, _cfuvid=5TGN_60mOwTpb4mo0DxajKPCBGLijiFA5nhsq8_t_2I-1772337842142-0.0.1.1-604800000; path=/; domain=.notion.com; HttpOnly; Secure; SameSite=None',
    'alt-svc': 'h3=":443"; ma=86400'
  },
  body: '{"object":"error","status":401,"code":"unauthorized","message":"API token is invalid.","request_id":"b7489c08-a655-42d1-9f70-53109126c938"}',
  additional_data: undefined,
  request_id: 'b7489c08-a655-42d1-9f70-53109126c938'
}
Found 1 Ready tickets...
Expanded: Agregar un comentario en el archivo index.js que diga 'Iniciado por OpenClaw’
No Ready tickets.
No Ready tickets.
No Ready tickets.
No Ready tickets.
No Ready tickets.
No Ready tickets.
No Ready tickets.
No Ready tickets.
No Ready tickets.
No Ready tickets.
No Ready tickets.
No Ready tickets.
No Ready tickets.
No Ready tickets.
No Ready tickets.
No Ready tickets.
No Ready tickets.
No Ready tickets.
No Ready tickets.
No Ready tickets.
No Ready tickets.
No Ready tickets.
No Ready tickets.
No Ready tickets.
No Ready tickets.
No Ready tickets.
No Ready tickets.
No Ready tickets.
No Ready tickets.
No Ready tickets.
No Ready tickets.
No Ready tickets.
No Ready tickets.
Found 1 Ready tickets...
Expanded: Agregar nueva seccion de /contacto
No Ready tickets.
No Ready tickets.
Found 3 Ready tickets...
Expanded: Agrega i18n y un middleware para usarla
@notionhq/client warn: request fail {
  code: 'validation_error',
  message: 'body failed validation: body.rich_text.length should be ≤ `100`, instead was `108`.',
  attempt: 0,
  requestId: 'ceb61d38-61c4-4fc6-8d56-b8d5d74b10c4'
}
Failed page: 3166faa4-f6d4-80b5-940a-c8b98c690352 body failed validation: body.rich_text.length should be ≤ `100`, instead was `108`.
Expanded: Agrega en la navbar una nueva ruta que sea /vision y maquetala
No Ready tickets.
No Ready tickets.
No Ready tickets.
No Ready tickets.
No Ready tickets.
No Ready tickets.
No Ready tickets.
No Ready tickets.
No Ready tickets.
No Ready tickets.
No Ready tickets.
No Ready tickets.
No Ready tickets.
No Ready tickets.
No Ready tickets.
No Ready tickets.
No Ready tickets.
No Ready tickets.
No Ready tickets.
No Ready tickets.
No Ready tickets.
No Ready tickets.
No Ready tickets.
No Ready tickets.
No Ready tickets.
No Ready tickets.
No Ready tickets.
No Ready tickets.
No Ready tickets.
No Ready tickets.
No Ready tickets.
No Ready tickets.
No Ready tickets.
No Ready tickets.
No Ready tickets.
No Ready tickets.
No Ready tickets.
No Ready tickets.
No Ready tickets.
No Ready tickets.
No Ready tickets.
No Ready tickets.
No Ready tickets.
No Ready tickets.
No Ready tickets.
No Ready tickets.
No Ready tickets.
No Ready tickets.
No Ready tickets.
No Ready tickets.
No Ready tickets.
No Ready tickets.
No Ready tickets.
No Ready tickets.
No Ready tickets.
No Ready tickets.
No Ready tickets.
No Ready tickets.
No Ready tickets.
No Ready tickets.
No Ready tickets.
No Ready tickets.
No Ready tickets.
No Ready tickets.
No Ready tickets.
No Ready tickets.
No Ready tickets.
No Ready tickets.
No Ready tickets.
No Ready tickets.
No Ready tickets.
No Ready tickets.
No Ready tickets.
No Ready tickets.
No Ready tickets.
No Ready tickets.
No Ready tickets.
No Ready tickets.
No Ready tickets.
No Ready tickets.
No Ready tickets.
No Ready tickets.
No Ready tickets.
No Ready tickets.
No Ready tickets.
No Ready tickets.
No Ready tickets.
No Ready tickets.
No Ready tickets.
No Ready tickets.
No Ready tickets.
No Ready tickets.
No Ready tickets.
No Ready tickets.
No Ready tickets.
No Ready tickets.
No Ready tickets.
No Ready tickets.
No Ready tickets.
No Ready tickets.
No Ready tickets.
No Ready tickets.
No Ready tickets.
No Ready tickets.
No Ready tickets.
No Ready tickets.
No Ready tickets.
No Ready tickets.
No Ready tickets.
No Ready tickets.
No Ready tickets.
No Ready tickets.
No Ready tickets.
No Ready tickets.
No Ready tickets.
No Ready tickets.
No Ready tickets.
No Ready tickets.
No Ready tickets.
No Ready tickets.
No Ready tickets.
No Ready tickets.
No Ready tickets.
No Ready tickets.
No Ready tickets.
No Ready tickets.
No Ready tickets.
No Ready tickets.
No Ready tickets.
No Ready tickets.
No Ready tickets.
No Ready tickets.
No Ready tickets.
No Ready tickets.
No Ready tickets.
No Ready tickets.
No Ready tickets.
No Ready tickets.
No Ready tickets.
No Ready tickets.
No Ready tickets.
No Ready tickets.
No Ready tickets.
No Ready tickets.
No Ready tickets.
No Ready tickets.
No Ready tickets.
No Ready tickets.
No Ready tickets.
No Ready tickets.
No Ready tickets.
No Ready tickets.
No Ready tickets.
No Ready tickets.
No Ready tickets.
No Ready tickets.
No Ready tickets.
No Ready tickets.
No Ready tickets.
No Ready tickets.
No Ready tickets.
No Ready tickets.
No Ready tickets.
No Ready tickets.
No Ready tickets.
No Ready tickets.
No Ready tickets.
No Ready tickets.
No Ready tickets.
No Ready tickets.
No Ready tickets.
No Ready tickets.
No Ready tickets.
No Ready tickets.
No Ready tickets.
No Ready tickets.
No Ready tickets.
No Ready tickets.
No Ready tickets.
No Ready tickets.
No Ready tickets.
No Ready tickets.
No Ready tickets.
No Ready tickets.
No Ready tickets.
No Ready tickets.
No Ready tickets.
No Ready tickets.
No Ready tickets.
No Ready tickets.
No Ready tickets.
No Ready tickets.
No Ready tickets.
No Ready tickets.
No Ready tickets.
No Ready tickets.
No Ready tickets.
No Ready tickets.
No Ready tickets.
No Ready tickets.
No Ready tickets.
No Ready tickets.
No Ready tickets.
No Ready tickets.
No Ready tickets.
No Ready tickets.
No Ready tickets.
No Ready tickets.
No Ready tickets.
No Ready tickets.
No Ready tickets.
No Ready tickets.
No Ready tickets.
No Ready tickets.
No Ready tickets.
No Ready tickets.
No Ready tickets.
No Ready tickets.
No Ready tickets.
No Ready tickets.
No Ready tickets.
No Ready tickets.
No Ready tickets.
No Ready tickets.
No Ready tickets.
No Ready tickets.
No Ready tickets.
No Ready tickets.
No Ready tickets.
No Ready tickets.
No Ready tickets.
No Ready tickets.
No Ready tickets.
No Ready tickets.
No Ready tickets.
No Ready tickets.
No Ready tickets.
No Ready tickets.
No Ready tickets.
No Ready tickets.
No Ready tickets.
No Ready tickets.
No Ready tickets.
No Ready tickets.
No Ready tickets.
No Ready tickets.
No Ready tickets.
No Ready tickets.
No Ready tickets.
No Ready tickets.
No Ready tickets.
No Ready tickets.
No Ready tickets.
No Ready tickets.
No Ready tickets.
No Ready tickets.
No Ready tickets.
No Ready tickets.
No Ready tickets.
No Ready tickets.
No Ready tickets.
No Ready tickets.
No Ready tickets.
No Ready tickets.
No Ready tickets.
No Ready tickets.
No Ready tickets.
No Ready tickets.
No Ready tickets.
No Ready tickets.
No Ready tickets.
No Ready tickets.
No Ready tickets.
No Ready tickets.
No Ready tickets.
No Ready tickets.
No Ready tickets.
No Ready tickets.
No Ready tickets.
No Ready tickets.
No Ready tickets.
No Ready tickets.
No Ready tickets.
No Ready tickets.
No Ready tickets.
No Ready tickets.
No Ready tickets.
No Ready tickets.
No Ready tickets.
No Ready tickets.
No Ready tickets.
No Ready tickets.
No Ready tickets.
No Ready tickets.
No Ready tickets.
No Ready tickets.
No Ready tickets.
No Ready tickets.
No Ready tickets.
No Ready tickets.
No Ready tickets.
No Ready tickets.
No Ready tickets.
No Ready tickets.
No Ready tickets.
No Ready tickets.
No Ready tickets.
No Ready tickets.
No Ready tickets.
No Ready tickets.
No Ready tickets.
No Ready tickets.
No Ready tickets.
No Ready tickets.
No Ready tickets.
No Ready tickets.
No Ready tickets.
No Ready tickets.
No Ready tickets.
No Ready tickets.
No Ready tickets.
No Ready tickets.
No Ready tickets.
No Ready tickets.
No Ready tickets.
No Ready tickets.
No Ready tickets.
No Ready tickets.
No Ready tickets.
No Ready tickets.
No Ready tickets.
No Ready tickets.
No Ready tickets.
No Ready tickets.
No Ready tickets.
No Ready tickets.
No Ready tickets.
No Ready tickets.
No Ready tickets.
No Ready tickets.
No Ready tickets.
No Ready tickets.
No Ready tickets.
No Ready tickets.
No Ready tickets.
No Ready tickets.
No Ready tickets.
No Ready tickets.
No Ready tickets.
No Ready tickets.
No Ready tickets.
No Ready tickets.
No Ready tickets.
No Ready tickets.
No Ready tickets.
No Ready tickets.
No Ready tickets.
No Ready tickets.
No Ready tickets.
No Ready tickets.
No Ready tickets.
No Ready tickets.
No Ready tickets.
No Ready tickets.
No Ready tickets.
No Ready tickets.
No Ready tickets.
No Ready tickets.
No Ready tickets.
No Ready tickets.
No Ready tickets.
No Ready tickets.
No Ready tickets.
No Ready tickets.
No Ready tickets.
No Ready tickets.
No Ready tickets.
No Ready tickets.
No Ready tickets.
No Ready tickets.
No Ready tickets.
No Ready tickets.
No Ready tickets.
No Ready tickets.
No Ready tickets.
No Ready tickets.
No Ready tickets.
No Ready tickets.
No Ready tickets.
No Ready tickets.
No Ready tickets.
No Ready tickets.
No Ready tickets.
No Ready tickets.
No Ready tickets.
No Ready tickets.
No Ready tickets.
No Ready tickets.
No Ready tickets.
No Ready tickets.
No Ready tickets.
No Ready tickets.
No Ready tickets.
No Ready tickets.
No Ready tickets.
No Ready tickets.
No Ready tickets.
No Ready tickets.
No Ready tickets.
No Ready tickets.
No Ready tickets.
No Ready tickets.
No Ready tickets.
No Ready tickets.
No Ready tickets.
No Ready tickets.
No Ready tickets.
No Ready tickets.
No Ready tickets.
No Ready tickets.
No Ready tickets.
No Ready tickets.
No Ready tickets.
No Ready tickets.
No Ready tickets.
No Ready tickets.
No Ready tickets.
No Ready tickets.
No Ready tickets.
No Ready tickets.
No Ready tickets.
No Ready tickets.
No Ready tickets.
No Ready tickets.
No Ready tickets.
No Ready tickets.
No Ready tickets.
No Ready tickets.
No Ready tickets.
No Ready tickets.
No Ready tickets.
No Ready tickets.
No Ready tickets.
No Ready tickets.
No Ready tickets.
No Ready tickets.
No Ready tickets.
No Ready tickets.
No Ready tickets.
No Ready tickets.
No Ready tickets.
No Ready tickets.
No Ready tickets.
No Ready tickets.
No Ready tickets.
No Ready tickets.
No Ready tickets.
No Ready tickets.
No Ready tickets.
No Ready tickets.
No Ready tickets.
No Ready tickets.
No Ready tickets.
No Ready tickets.
No Ready tickets.
No Ready tickets.
No Ready tickets.
No Ready tickets.
No Ready tickets.
No Ready tickets.
No Ready tickets.
No Ready tickets.
No Ready tickets.
No Ready tickets.
No Ready tickets.
No Ready tickets.
No Ready tickets.
No Ready tickets.
No Ready tickets.
No Ready tickets.
No Ready tickets.
No Ready tickets.
No Ready tickets.
No Ready tickets.
No Ready tickets.
No Ready tickets.
No Ready tickets.
No Ready tickets.
No Ready tickets.
No Ready tickets.
No Ready tickets.
No Ready tickets.
Found 1 Ready tickets...
Skipped: missing_title
Found 1 Ready tickets...
Skipped: missing_title
Found 1 Ready tickets...
Skipped: missing_title
Found 1 Ready tickets...
Skipped: missing_title
Found 1 Ready tickets...
Skipped: missing_title
Found 1 Ready tickets...
Skipped: missing_title
Found 1 Ready tickets...
Skipped: missing_title
Found 1 Ready tickets...
Skipped: missing_title
Found 1 Ready tickets...
Expanded: Agrega un comentario “hola mundo” en el archivo de home
No Ready tickets.
No Ready tickets.
No Ready tickets.
No Ready tickets.
No Ready tickets.
No Ready tickets.
No Ready tickets.
No Ready tickets.
No Ready tickets.
No Ready tickets.
No Ready tickets.
No Ready tickets.
No Ready tickets.
No Ready tickets.
No Ready tickets.
No Ready tickets.
No Ready tickets.
No Ready tickets.
No Ready tickets.
No Ready tickets.
No Ready tickets.
No Ready tickets.
No Ready tickets.
No Ready tickets.
No Ready tickets.
No Ready tickets.
No Ready tickets.
No Ready tickets.
No Ready tickets.
No Ready tickets.
No Ready tickets.
No Ready tickets.
No Ready tickets.
No Ready tickets.
No Ready tickets.
No Ready tickets.
No Ready tickets.
No Ready tickets.
No Ready tickets.
No Ready tickets.
No Ready tickets.
No Ready tickets.
No Ready tickets.
No Ready tickets.
No Ready tickets.
No Ready tickets.
No Ready tickets.
No Ready tickets.
No Ready tickets.
No Ready tickets.
No Ready tickets.
No Ready tickets.
No Ready tickets.
No Ready tickets.
No Ready tickets.
No Ready tickets.
No Ready tickets.
No Ready tickets.
No Ready tickets.
No Ready tickets.
No Ready tickets.
No Ready tickets.
No Ready tickets.
No Ready tickets.
No Ready tickets.
No Ready tickets.
No Ready tickets.
No Ready tickets.
No Ready tickets.
No Ready tickets.
No Ready tickets.
No Ready tickets.
No Ready tickets.
No Ready tickets.
No Ready tickets.
No Ready tickets.
No Ready tickets.
No Ready tickets.
No Ready tickets.
No Ready tickets.
No Ready tickets.
No Ready tickets.
No Ready tickets.
No Ready tickets.
No Ready tickets.
No Ready tickets.
No Ready tickets.
No Ready tickets.
No Ready tickets.
No Ready tickets.
No Ready tickets.
No Ready tickets.
No Ready tickets.
No Ready tickets.
No Ready tickets.
No Ready tickets.
No Ready tickets.
No Ready tickets.
No Ready tickets.
No Ready tickets.
No Ready tickets.
No Ready tickets.
No Ready tickets.
No Ready tickets.
No Ready tickets.
No Ready tickets.
No Ready tickets.
No Ready tickets.
No Ready tickets.
No Ready tickets.
No Ready tickets.
No Ready tickets.
No Ready tickets.
No Ready tickets.
No Ready tickets.
No Ready tickets.
No Ready tickets.
No Ready tickets.
No Ready tickets.
No Ready tickets.
No Ready tickets.
No Ready tickets.
No Ready tickets.
No Ready tickets.
No Ready tickets.
No Ready tickets.
No Ready tickets.
No Ready tickets.
No Ready tickets.
No Ready tickets.
No Ready tickets.
No Ready tickets.
No Ready tickets.
No Ready tickets.
No Ready tickets.
No Ready tickets.
No Ready tickets.
No Ready tickets.
No Ready tickets.
No Ready tickets.
No Ready tickets.
No Ready tickets.
No Ready tickets.
No Ready tickets.
No Ready tickets.
No Ready tickets.
No Ready tickets.
No Ready tickets.
No Ready tickets.
No Ready tickets.
No Ready tickets.
No Ready tickets.
No Ready tickets.
No Ready tickets.
No Ready tickets.
No Ready tickets.
No Ready tickets.
No Ready tickets.
No Ready tickets.
No Ready tickets.
No Ready tickets.
No Ready tickets.
No Ready tickets.
No Ready tickets.
No Ready tickets.
No Ready tickets.
No Ready tickets.
No Ready tickets.
No Ready tickets.
No Ready tickets.
No Ready tickets.
No Ready tickets.
No Ready tickets.
No Ready tickets.
No Ready tickets.
No Ready tickets.
No Ready tickets.
No Ready tickets.
No Ready tickets.
No Ready tickets.
No Ready tickets.
No Ready tickets.
No Ready tickets.
No Ready tickets.
No Ready tickets.
No Ready tickets.
No Ready tickets.
No Ready tickets.
No Ready tickets.
No Ready tickets.
No Ready tickets.
No Ready tickets.
No Ready tickets.
No Ready tickets.
No Ready tickets.
No Ready tickets.
No Ready tickets.
No Ready tickets.
No Ready tickets.
No Ready tickets.
No Ready tickets.
No Ready tickets.
No Ready tickets.
No Ready tickets.
No Ready tickets.
No Ready tickets.
No Ready tickets.
No Ready tickets.
No Ready tickets.
No Ready tickets.
No Ready tickets.
No Ready tickets.
No Ready tickets.
No Ready tickets.
No Ready tickets.
No Ready tickets.
No Ready tickets.
No Ready tickets.
No Ready tickets.
No Ready tickets.
No Ready tickets.
No Ready tickets.
No Ready tickets.
No Ready tickets.
No Ready tickets.
No Ready tickets.
No Ready tickets.
No Ready tickets.
No Ready tickets.
No Ready tickets.
No Ready tickets.
No Ready tickets.
No Ready tickets.
No Ready tickets.
No Ready tickets.
No Ready tickets.
No Ready tickets.
No Ready tickets.
No Ready tickets.
No Ready tickets.
No Ready tickets.
No Ready tickets.
No Ready tickets.
No Ready tickets.
No Ready tickets.
No Ready tickets.
No Ready tickets.
No Ready tickets.
No Ready tickets.
No Ready tickets.
No Ready tickets.
No Ready tickets.
No Ready tickets.
No Ready tickets.
No Ready tickets.
No Ready tickets.
No Ready tickets.
No Ready tickets.
No Ready tickets.
No Ready tickets.
No Ready tickets.
No Ready tickets.
No Ready tickets.
No Ready tickets.
No Ready tickets.
No Ready tickets.
No Ready tickets.
No Ready tickets.
No Ready tickets.
No Ready tickets.
No Ready tickets.
No Ready tickets.
No Ready tickets.
No Ready tickets.
No Ready tickets.
No Ready tickets.
No Ready tickets.
No Ready tickets.
No Ready tickets.
No Ready tickets.
No Ready tickets.
No Ready tickets.
No Ready tickets.
No Ready tickets.
No Ready tickets.
No Ready tickets.
No Ready tickets.
No Ready tickets.
No Ready tickets.
No Ready tickets.
No Ready tickets.
No Ready tickets.
No Ready tickets.
No Ready tickets.
No Ready tickets.
No Ready tickets.
No Ready tickets.
No Ready tickets.
No Ready tickets.
No Ready tickets.
No Ready tickets.
No Ready tickets.
No Ready tickets.
No Ready tickets.
No Ready tickets.
No Ready tickets.
No Ready tickets.
No Ready tickets.
No Ready tickets.
No Ready tickets.
No Ready tickets.
No Ready tickets.
No Ready tickets.
No Ready tickets.
No Ready tickets.
No Ready tickets.
No Ready tickets.
No Ready tickets.
No Ready tickets.
No Ready tickets.
No Ready tickets.
No Ready tickets.
No Ready tickets.
No Ready tickets.
No Ready tickets.
No Ready tickets.
No Ready tickets.
No Ready tickets.
No Ready tickets.
No Ready tickets.
No Ready tickets.
No Ready tickets.
No Ready tickets.
No Ready tickets.
No Ready tickets.
No Ready tickets.
No Ready tickets.
No Ready tickets.
No Ready tickets.
No Ready tickets.
No Ready tickets.
No Ready tickets.
No Ready tickets.
No Ready tickets.
No Ready tickets.
No Ready tickets.
No Ready tickets.
No Ready tickets.
No Ready tickets.
No Ready tickets.
No Ready tickets.
No Ready tickets.
No Ready tickets.
No Ready tickets.
No Ready tickets.
No Ready tickets.
No Ready tickets.
No Ready tickets.
No Ready tickets.
No Ready tickets.
No Ready tickets.
No Ready tickets.
No Ready tickets.
No Ready tickets.
No Ready tickets.
No Ready tickets.
No Ready tickets.
No Ready tickets.
No Ready tickets.
No Ready tickets.
No Ready tickets.
No Ready tickets.
No Ready tickets.
No Ready tickets.
No Ready tickets.
No Ready tickets.
No Ready tickets.
No Ready tickets.
No Ready tickets.
No Ready tickets.
No Ready tickets.
No Ready tickets.
No Ready tickets.
No Ready tickets.
No Ready tickets.
No Ready tickets.
No Ready tickets.
No Ready tickets.
No Ready tickets.
No Ready tickets.
No Ready tickets.
No Ready tickets.
No Ready tickets.
No Ready tickets.
No Ready tickets.
No Ready tickets.
No Ready tickets.
No Ready tickets.
No Ready tickets.
No Ready tickets.
No Ready tickets.
No Ready tickets.
No Ready tickets.
No Ready tickets.
No Ready tickets.
No Ready tickets.
No Ready tickets.
No Ready tickets.
No Ready tickets.
No Ready tickets.
No Ready tickets.
No Ready tickets.
No Ready tickets.
No Ready tickets.
No Ready tickets.
No Ready tickets.
No Ready tickets.
No Ready tickets.
No Ready tickets.
No Ready tickets.
No Ready tickets.
No Ready tickets.
No Ready tickets.
No Ready tickets.
No Ready tickets.
No Ready tickets.
No Ready tickets.
No Ready tickets.
No Ready tickets.
No Ready tickets.
No Ready tickets.
No Ready tickets.
No Ready tickets.
No Ready tickets.
No Ready tickets.
No Ready tickets.
No Ready tickets.
No Ready tickets.
No Ready tickets.
No Ready tickets.
No Ready tickets.
No Ready tickets.
No Ready tickets.
No Ready tickets.
No Ready tickets.
No Ready tickets.
No Ready tickets.
No Ready tickets.
No Ready tickets.
No Ready tickets.
No Ready tickets.
No Ready tickets.
No Ready tickets.
No Ready tickets.
No Ready tickets.
No Ready tickets.
No Ready tickets.
No Ready tickets.
No Ready tickets.
No Ready tickets.
No Ready tickets.
No Ready tickets.
No Ready tickets.
No Ready tickets.
No Ready tickets.
No Ready tickets.
No Ready tickets.
No Ready tickets.
No Ready tickets.
No Ready tickets.
No Ready tickets.
No Ready tickets.
No Ready tickets.
No Ready tickets.
No Ready tickets.
No Ready tickets.
No Ready tickets.
No Ready tickets.
No Ready tickets.
No Ready tickets.
No Ready tickets.
No Ready tickets.
No Ready tickets.
No Ready tickets.
No Ready tickets.
No Ready tickets.
No Ready tickets.
No Ready tickets.
No Ready tickets.
No Ready tickets.
No Ready tickets.
No Ready tickets.
No Ready tickets.
No Ready tickets.
No Ready tickets.
No Ready tickets.
No Ready tickets.
No Ready tickets.
No Ready tickets.
No Ready tickets.
No Ready tickets.
No Ready tickets.
No Ready tickets.
No Ready tickets.
No Ready tickets.
No Ready tickets.
No Ready tickets.
No Ready tickets.
No Ready tickets.
No Ready tickets.
No Ready tickets.
No Ready tickets.
No Ready tickets.
No Ready tickets.
No Ready tickets.
No Ready tickets.
No Ready tickets.
No Ready tickets.
No Ready tickets.
No Ready tickets.
No Ready tickets.
No Ready tickets.
No Ready tickets.
No Ready tickets.
No Ready tickets.
No Ready tickets.
No Ready tickets.
No Ready tickets.
No Ready tickets.
No Ready tickets.
No Ready tickets.
No Ready tickets.
No Ready tickets.
No Ready tickets.
No Ready tickets.
No Ready tickets.
No Ready tickets.
No Ready tickets.
No Ready tickets.
No Ready tickets.
No Ready tickets.
No Ready tickets.
No Ready tickets.
No Ready tickets.
No Ready tickets.
No Ready tickets.
No Ready tickets.
No Ready tickets.
No Ready tickets.
No Ready tickets.
No Ready tickets.
No Ready tickets.
No Ready tickets.
No Ready tickets.
No Ready tickets.
No Ready tickets.
No Ready tickets.
No Ready tickets.
No Ready tickets.
No Ready tickets.
No Ready tickets.
No Ready tickets.
No Ready tickets.
No Ready tickets.
No Ready tickets.
No Ready tickets.
No Ready tickets.
No Ready tickets.
No Ready tickets.
No Ready tickets.
No Ready tickets.
No Ready tickets.
No Ready tickets.
No Ready tickets.
No Ready tickets.
No Ready tickets.
No Ready tickets.
No Ready tickets.
No Ready tickets.
No Ready tickets.
No Ready tickets.
No Ready tickets.
No Ready tickets.
No Ready tickets.
No Ready tickets.
No Ready tickets.
No Ready tickets.
No Ready tickets.
No Ready tickets.
No Ready tickets.
No Ready tickets.
No Ready tickets.
No Ready tickets.
No Ready tickets.
No Ready tickets.
No Ready tickets.
No Ready tickets.
No Ready tickets.
No Ready tickets.
No Ready tickets.
No Ready tickets.
No Ready tickets.
No Ready tickets.
No Ready tickets.
No Ready tickets.
No Ready tickets.
No Ready tickets.
No Ready tickets.
No Ready tickets.
No Ready tickets.
No Ready tickets.
No Ready tickets.
No Ready tickets.
No Ready tickets.
No Ready tickets.
No Ready tickets.
No Ready tickets.
No Ready tickets.
No Ready tickets.
No Ready tickets.
No Ready tickets.
No Ready tickets.
No Ready tickets.
No Ready tickets.
No Ready tickets.
No Ready tickets.
No Ready tickets.
No Ready tickets.
No Ready tickets.
No Ready tickets.
No Ready tickets.
No Ready tickets.
No Ready tickets.
No Ready tickets.
No Ready tickets.
No Ready tickets.
No Ready tickets.
No Ready tickets.
No Ready tickets.
No Ready tickets.
No Ready tickets.
No Ready tickets.
No Ready tickets.
No Ready tickets.
No Ready tickets.
No Ready tickets.
No Ready tickets.
No Ready tickets.
No Ready tickets.
No Ready tickets.
No Ready tickets.
No Ready tickets.
No Ready tickets.
No Ready tickets.
No Ready tickets.
No Ready tickets.
No Ready tickets.
No Ready tickets.
No Ready tickets.
No Ready tickets.
No Ready tickets.
No Ready tickets.
No Ready tickets.
No Ready tickets.
No Ready tickets.
No Ready tickets.
No Ready tickets.
No Ready tickets.
No Ready tickets.
No Ready tickets.
No Ready tickets.
No Ready tickets.
No Ready tickets.
No Ready tickets.
No Ready tickets.
No Ready tickets.
No Ready tickets.
No Ready tickets.
No Ready tickets.
No Ready tickets.
No Ready tickets.
No Ready tickets.
No Ready tickets.
No Ready tickets.
No Ready tickets.
No Ready tickets.
No Ready tickets.
No Ready tickets.
No Ready tickets.
No Ready tickets.
No Ready tickets.
No Ready tickets.
No Ready tickets.
No Ready tickets.
No Ready tickets.
No Ready tickets.
No Ready tickets.
No Ready tickets.
No Ready tickets.
No Ready tickets.
No Ready tickets.
No Ready tickets.
No Ready tickets.
No Ready tickets.
No Ready tickets.
No Ready tickets.
No Ready tickets.
No Ready tickets.
No Ready tickets.
No Ready tickets.
No Ready tickets.
No Ready tickets.
No Ready tickets.
No Ready tickets.
No Ready tickets.
No Ready tickets.
No Ready tickets.
No Ready tickets.
No Ready tickets.
No Ready tickets.
No Ready tickets.
No Ready tickets.
No Ready tickets.
No Ready tickets.
No Ready tickets.
No Ready tickets.
No Ready tickets.
No Ready tickets.
No Ready tickets.
No Ready tickets.
No Ready tickets.
No Ready tickets.
No Ready tickets.
No Ready tickets.
No Ready tickets.
No Ready tickets.
No Ready tickets.
No Ready tickets.
No Ready tickets.
No Ready tickets.
No Ready tickets.
No Ready tickets.
No Ready tickets.
No Ready tickets.
No Ready tickets.
No Ready tickets.
No Ready tickets.
No Ready tickets.
No Ready tickets.
No Ready tickets.
No Ready tickets.
No Ready tickets.
No Ready tickets.
No Ready tickets.
No Ready tickets.
No Ready tickets.
No Ready tickets.
No Ready tickets.
No Ready tickets.
No Ready tickets.
No Ready tickets.
No Ready tickets.
No Ready tickets.
No Ready tickets.
No Ready tickets.
No Ready tickets.
No Ready tickets.
No Ready tickets.
No Ready tickets.
No Ready tickets.
No Ready tickets.
No Ready tickets.
No Ready tickets.
No Ready tickets.
No Ready tickets.
No Ready tickets.
No Ready tickets.
No Ready tickets.
No Ready tickets.
No Ready tickets.
No Ready tickets.
No Ready tickets.
No Ready tickets.
No Ready tickets.
No Ready tickets.
No Ready tickets.
No Ready tickets.
No Ready tickets.
No Ready tickets.
No Ready tickets.
No Ready tickets.
No Ready tickets.
No Ready tickets.
No Ready tickets.
No Ready tickets.
No Ready tickets.
No Ready tickets.
No Ready tickets.
No Ready tickets.
No Ready tickets.
No Ready tickets.
No Ready tickets.
No Ready tickets.
No Ready tickets.
No Ready tickets.
No Ready tickets.
No Ready tickets.
No Ready tickets.
No Ready tickets.
No Ready tickets.
No Ready tickets.
No Ready tickets.
No Ready tickets.
No Ready tickets.
No Ready tickets.
No Ready tickets.
No Ready tickets.
No Ready tickets.
No Ready tickets.
No Ready tickets.
No Ready tickets.
No Ready tickets.
No Ready tickets.
No Ready tickets.
No Ready tickets.
No Ready tickets.
No Ready tickets.
No Ready tickets.
No Ready tickets.
No Ready tickets.
No Ready tickets.
No Ready tickets.
No Ready tickets.
No Ready tickets.
No Ready tickets.
No Ready tickets.
No Ready tickets.
No Ready tickets.
No Ready tickets.
No Ready tickets.
No Ready tickets.
No Ready tickets.
No Ready tickets.
No Ready tickets.
No Ready tickets.
No Ready tickets.
No Ready tickets.
No Ready tickets.
No Ready tickets.
No Ready tickets.
No Ready tickets.
No Ready tickets.
No Ready tickets.
No Ready tickets.
No Ready tickets.
No Ready tickets.
No Ready tickets.
No Ready tickets.
No Ready tickets.
No Ready tickets.
No Ready tickets.
No Ready tickets.
No Ready tickets.
No Ready tickets.
No Ready tickets.
No Ready tickets.
No Ready tickets.
No Ready tickets.
No Ready tickets.
No Ready tickets.
No Ready tickets.
No Ready tickets.
No Ready tickets.
No Ready tickets.
No Ready tickets.
No Ready tickets.
No Ready tickets.
No Ready tickets.
No Ready tickets.
No Ready tickets.
No Ready tickets.
No Ready tickets.
No Ready tickets.
No Ready tickets.
No Ready tickets.
No Ready tickets.
No Ready tickets.
No Ready tickets.
No Ready tickets.
No Ready tickets.
No Ready tickets.
No Ready tickets.
No Ready tickets.
No Ready tickets.
No Ready tickets.
No Ready tickets.
No Ready tickets.
No Ready tickets.
No Ready tickets.
No Ready tickets.
No Ready tickets.
No Ready tickets.
No Ready tickets.
No Ready tickets.
No Ready tickets.
No Ready tickets.
No Ready tickets.
No Ready tickets.
No Ready tickets.
No Ready tickets.
No Ready tickets.
No Ready tickets.
No Ready tickets.
No Ready tickets.
No Ready tickets.
No Ready tickets.
No Ready tickets.
No Ready tickets.
No Ready tickets.
No Ready tickets.
No Ready tickets.
No Ready tickets.
No Ready tickets.
No Ready tickets.
No Ready tickets.
No Ready tickets.
No Ready tickets.
No Ready tickets.
No Ready tickets.
No Ready tickets.
No Ready tickets.
No Ready tickets.
No Ready tickets.
No Ready tickets.
No Ready tickets.
No Ready tickets.
No Ready tickets.
No Ready tickets.
No Ready tickets.
No Ready tickets.
No Ready tickets.
No Ready tickets.
No Ready tickets.
No Ready tickets.
No Ready tickets.
No Ready tickets.
No Ready tickets.
No Ready tickets.
No Ready tickets.
No Ready tickets.
No Ready tickets.
No Ready tickets.
No Ready tickets.
No Ready tickets.
No Ready tickets.
No Ready tickets.
No Ready tickets.
No Ready tickets.
No Ready tickets.
No Ready tickets.
No Ready tickets.
No Ready tickets.
No Ready tickets.
No Ready tickets.
No Ready tickets.
No Ready tickets.
No Ready tickets.
No Ready tickets.
No Ready tickets.
No Ready tickets.
No Ready tickets.
No Ready tickets.
No Ready tickets.
No Ready tickets.
No Ready tickets.
No Ready tickets.
No Ready tickets.
No Ready tickets.
No Ready tickets.
No Ready tickets.
No Ready tickets.
No Ready tickets.
No Ready tickets.
No Ready tickets.
No Ready tickets.
No Ready tickets.
No Ready tickets.
No Ready tickets.
No Ready tickets.
No Ready tickets.
No Ready tickets.
No Ready tickets.
No Ready tickets.
No Ready tickets.
No Ready tickets.
No Ready tickets.
No Ready tickets.
No Ready tickets.
No Ready tickets.
No Ready tickets.
No Ready tickets.
No Ready tickets.
No Ready tickets.
No Ready tickets.
No Ready tickets.
No Ready tickets.
No Ready tickets.
No Ready tickets.
No Ready tickets.
No Ready tickets.
No Ready tickets.
No Ready tickets.
No Ready tickets.
No Ready tickets.
No Ready tickets.
No Ready tickets.
No Ready tickets.
No Ready tickets.
No Ready tickets.
No Ready tickets.
No Ready tickets.
No Ready tickets.
No Ready tickets.
No Ready tickets.
No Ready tickets.
No Ready tickets.
No Ready tickets.
No Ready tickets.
No Ready tickets.
No Ready tickets.
No Ready tickets.
No Ready tickets.
No Ready tickets.
No Ready tickets.
No Ready tickets.
No Ready tickets.
No Ready tickets.
No Ready tickets.
No Ready tickets.
No Ready tickets.
No Ready tickets.
No Ready tickets.
No Ready tickets.
No Ready tickets.
No Ready tickets.
No Ready tickets.
No Ready tickets.
No Ready tickets.
No Ready tickets.
No Ready tickets.
No Ready tickets.
No Ready tickets.
No Ready tickets.
No Ready tickets.
No Ready tickets.
No Ready tickets.
No Ready tickets.
No Ready tickets.
No Ready tickets.
No Ready tickets.
No Ready tickets.
No Ready tickets.
No Ready tickets.
No Ready tickets.
No Ready tickets.
No Ready tickets.
No Ready tickets.
No Ready tickets.
No Ready tickets.
No Ready tickets.
No Ready tickets.
No Ready tickets.
No Ready tickets.
No Ready tickets.
No Ready tickets.
No Ready tickets.
No Ready tickets.
No Ready tickets.
No Ready tickets.
No Ready tickets.
No Ready tickets.
No Ready tickets.
No Ready tickets.
No Ready tickets.
No Ready tickets.
No Ready tickets.
No Ready tickets.
No Ready tickets.
No Ready tickets.
No Ready tickets.
No Ready tickets.
No Ready tickets.
No Ready tickets.
No Ready tickets.
No Ready tickets.
No Ready tickets.
No Ready tickets.
No Ready tickets.
No Ready tickets.
No Ready tickets.
No Ready tickets.
No Ready tickets.
No Ready tickets.
No Ready tickets.
No Ready tickets.
No Ready tickets.
No Ready tickets.
No Ready tickets.
No Ready tickets.
No Ready tickets.
No Ready tickets.
No Ready tickets.
No Ready tickets.
No Ready tickets.
No Ready tickets.
No Ready tickets.
No Ready tickets.
No Ready tickets.
No Ready tickets.
No Ready tickets.
No Ready tickets.
No Ready tickets.
No Ready tickets.
No Ready tickets.
No Ready tickets.
No Ready tickets.
No Ready tickets.
No Ready tickets.
No Ready tickets.
No Ready tickets.
No Ready tickets.
No Ready tickets.
No Ready tickets.
No Ready tickets.
No Ready tickets.
No Ready tickets.
No Ready tickets.
No Ready tickets.
No Ready tickets.
No Ready tickets.
No Ready tickets.
No Ready tickets.
No Ready tickets.
No Ready tickets.
No Ready tickets.
No Ready tickets.
No Ready tickets.
No Ready tickets.
No Ready tickets.
No Ready tickets.
No Ready tickets.
No Ready tickets.
No Ready tickets.
No Ready tickets.
No Ready tickets.
No Ready tickets.
No Ready tickets.
No Ready tickets.
No Ready tickets.
No Ready tickets.
No Ready tickets.
No Ready tickets.
No Ready tickets.
No Ready tickets.
No Ready tickets.
No Ready tickets.
No Ready tickets.
No Ready tickets.
No Ready tickets.
No Ready tickets.
No Ready tickets.
No Ready tickets.
No Ready tickets.
No Ready tickets.
No Ready tickets.
No Ready tickets.
No Ready tickets.
No Ready tickets.
No Ready tickets.
No Ready tickets.
No Ready tickets.
No Ready tickets.
No Ready tickets.
No Ready tickets.
No Ready tickets.
No Ready tickets.
No Ready tickets.
No Ready tickets.
No Ready tickets.
No Ready tickets.
No Ready tickets.
No Ready tickets.
No Ready tickets.
No Ready tickets.
No Ready tickets.
No Ready tickets.
No Ready tickets.
No Ready tickets.
No Ready tickets.
No Ready tickets.
No Ready tickets.
No Ready tickets.
No Ready tickets.
No Ready tickets.
No Ready tickets.
No Ready tickets.
No Ready tickets.
No Ready tickets.
No Ready tickets.
No Ready tickets.
No Ready tickets.
No Ready tickets.
No Ready tickets.
No Ready tickets.
No Ready tickets.
No Ready tickets.
No Ready tickets.
No Ready tickets.
No Ready tickets.
No Ready tickets.
No Ready tickets.
No Ready tickets.
No Ready tickets.
No Ready tickets.
No Ready tickets.
No Ready tickets.
No Ready tickets.
No Ready tickets.
No Ready tickets.
No Ready tickets.
No Ready tickets.
No Ready tickets.
No Ready tickets.
No Ready tickets.
No Ready tickets.
No Ready tickets.
No Ready tickets.
No Ready tickets.
No Ready tickets.
No Ready tickets.
No Ready tickets.
No Ready tickets.
No Ready tickets.
No Ready tickets.
No Ready tickets.
No Ready tickets.
No Ready tickets.
No Ready tickets.
No Ready tickets.
No Ready tickets.
No Ready tickets.
No Ready tickets.
No Ready tickets.
No Ready tickets.
No Ready tickets.
No Ready tickets.
No Ready tickets.
No Ready tickets.
No Ready tickets.
No Ready tickets.
No Ready tickets.
No Ready tickets.
No Ready tickets.
No Ready tickets.
No Ready tickets.
No Ready tickets.
No Ready tickets.
No Ready tickets.
No Ready tickets.
No Ready tickets.
No Ready tickets.
No Ready tickets.
No Ready tickets.
No Ready tickets.
No Ready tickets.
No Ready tickets.
No Ready tickets.
No Ready tickets.
No Ready tickets.
No Ready tickets.
No Ready tickets.
No Ready tickets.
No Ready tickets.
No Ready tickets.
No Ready tickets.
No Ready tickets.
No Ready tickets.
No Ready tickets.
No Ready tickets.
No Ready tickets.
No Ready tickets.
No Ready tickets.
No Ready tickets.
No Ready tickets.
No Ready tickets.
No Ready tickets.
No Ready tickets.
No Ready tickets.
No Ready tickets.
No Ready tickets.
No Ready tickets.
No Ready tickets.
No Ready tickets.
No Ready tickets.
No Ready tickets.
No Ready tickets.
No Ready tickets.
No Ready tickets.
No Ready tickets.
No Ready tickets.
No Ready tickets.
No Ready tickets.
No Ready tickets.
No Ready tickets.
No Ready tickets.
No Ready tickets.
No Ready tickets.
No Ready tickets.
No Ready tickets.
No Ready tickets.
No Ready tickets.
No Ready tickets.
No Ready tickets.
No Ready tickets.
No Ready tickets.
No Ready tickets.
No Ready tickets.
No Ready tickets.
No Ready tickets.
No Ready tickets.
No Ready tickets.
No Ready tickets.
No Ready tickets.
No Ready tickets.
No Ready tickets.
No Ready tickets.
No Ready tickets.
No Ready tickets.
No Ready tickets.
No Ready tickets.
No Ready tickets.
No Ready tickets.
No Ready tickets.
No Ready tickets.
No Ready tickets.
No Ready tickets.
No Ready tickets.
No Ready tickets.
No Ready tickets.
No Ready tickets.
No Ready tickets.
No Ready tickets.
No Ready tickets.
No Ready tickets.
No Ready tickets.
No Ready tickets.
No Ready tickets.
No Ready tickets.
No Ready tickets.
No Ready tickets.
No Ready tickets.
No Ready tickets.
No Ready tickets.
No Ready tickets.
No Ready tickets.
No Ready tickets.
No Ready tickets.
No Ready tickets.
No Ready tickets.
No Ready tickets.
No Ready tickets.
No Ready tickets.
No Ready tickets.
No Ready tickets.
No Ready tickets.
No Ready tickets.
No Ready tickets.
No Ready tickets.
No Ready tickets.
No Ready tickets.
No Ready tickets.
No Ready tickets.
No Ready tickets.
No Ready tickets.
No Ready tickets.
No Ready tickets.
No Ready tickets.
No Ready tickets.
No Ready tickets.
No Ready tickets.
No Ready tickets.
No Ready tickets.
No Ready tickets.
No Ready tickets.
No Ready tickets.
No Ready tickets.
No Ready tickets.
No Ready tickets.
Found 1 Ready tickets...
Expanded: Agregar el mapa de google con la ubicacion de local en la home
No Ready tickets.
No Ready tickets.
No Ready tickets.
No Ready tickets.
No Ready tickets.
No Ready tickets.
No Ready tickets.
No Ready tickets.
No Ready tickets.
No Ready tickets.
No Ready tickets.
No Ready tickets.
No Ready tickets.
No Ready tickets.
No Ready tickets.
No Ready tickets.
No Ready tickets.
No Ready tickets.
No Ready tickets.
No Ready tickets.
No Ready tickets.
No Ready tickets.
No Ready tickets.
No Ready tickets.
No Ready tickets.
No Ready tickets.
No Ready tickets.
No Ready tickets.
No Ready tickets.
No Ready tickets.
No Ready tickets.
No Ready tickets.
No Ready tickets.
No Ready tickets.
No Ready tickets.
No Ready tickets.
No Ready tickets.
No Ready tickets.
No Ready tickets.
No Ready tickets.
No Ready tickets.
No Ready tickets.
No Ready tickets.
No Ready tickets.
No Ready tickets.
No Ready tickets.
No Ready tickets.
No Ready tickets.
No Ready tickets.
No Ready tickets.
No Ready tickets.
No Ready tickets.
No Ready tickets.
No Ready tickets.
No Ready tickets.
No Ready tickets.
No Ready tickets.
No Ready tickets.
No Ready tickets.
No Ready tickets.
No Ready tickets.
No Ready tickets.
No Ready tickets.
No Ready tickets.
No Ready tickets.
No Ready tickets.
No Ready tickets.
No Ready tickets.
No Ready tickets.
No Ready tickets.
No Ready tickets.
No Ready tickets.
No Ready tickets.
No Ready tickets.
No Ready tickets.
No Ready tickets.
No Ready tickets.
No Ready tickets.
No Ready tickets.
No Ready tickets.
No Ready tickets.
No Ready tickets.
No Ready tickets.
No Ready tickets.
No Ready tickets.
No Ready tickets.
No Ready tickets.
No Ready tickets.
No Ready tickets.
No Ready tickets.
No Ready tickets.
No Ready tickets.
No Ready tickets.
No Ready tickets.
No Ready tickets.
No Ready tickets.
No Ready tickets.
No Ready tickets.
No Ready tickets.
No Ready tickets.
No Ready tickets.
No Ready tickets.
No Ready tickets.
No Ready tickets.
No Ready tickets.
No Ready tickets.
No Ready tickets.
No Ready tickets.
No Ready tickets.
No Ready tickets.
No Ready tickets.
No Ready tickets.
No Ready tickets.
No Ready tickets.
No Ready tickets.
No Ready tickets.
No Ready tickets.
No Ready tickets.
No Ready tickets.
No Ready tickets.
No Ready tickets.
No Ready tickets.
No Ready tickets.
No Ready tickets.
No Ready tickets.
No Ready tickets.
No Ready tickets.
No Ready tickets.
No Ready tickets.
No Ready tickets.
No Ready tickets.
No Ready tickets.
No Ready tickets.
No Ready tickets.
No Ready tickets.
No Ready tickets.
No Ready tickets.
No Ready tickets.
No Ready tickets.
No Ready tickets.
No Ready tickets.
No Ready tickets.
No Ready tickets.
No Ready tickets.
No Ready tickets.
No Ready tickets.
No Ready tickets.
No Ready tickets.
No Ready tickets.
No Ready tickets.
No Ready tickets.
No Ready tickets.
No Ready tickets.
No Ready tickets.
No Ready tickets.
No Ready tickets.
No Ready tickets.
No Ready tickets.
No Ready tickets.
No Ready tickets.
No Ready tickets.
No Ready tickets.
No Ready tickets.
No Ready tickets.
No Ready tickets.
No Ready tickets.
No Ready tickets.
No Ready tickets.
No Ready tickets.
No Ready tickets.
No Ready tickets.
No Ready tickets.
No Ready tickets.
No Ready tickets.
No Ready tickets.
No Ready tickets.
No Ready tickets.
No Ready tickets.
No Ready tickets.
No Ready tickets.
No Ready tickets.
No Ready tickets.
No Ready tickets.
No Ready tickets.
No Ready tickets.
No Ready tickets.
No Ready tickets.
No Ready tickets.
No Ready tickets.
No Ready tickets.
No Ready tickets.
No Ready tickets.
No Ready tickets.
No Ready tickets.
No Ready tickets.
No Ready tickets.
No Ready tickets.
No Ready tickets.
No Ready tickets.
No Ready tickets.
No Ready tickets.
No Ready tickets.
No Ready tickets.
No Ready tickets.
No Ready tickets.
No Ready tickets.
No Ready tickets.
No Ready tickets.
No Ready tickets.
No Ready tickets.
No Ready tickets.
No Ready tickets.
No Ready tickets.
No Ready tickets.
No Ready tickets.
No Ready tickets.
No Ready tickets.
No Ready tickets.
No Ready tickets.
No Ready tickets.
No Ready tickets.
No Ready tickets.
No Ready tickets.
No Ready tickets.
No Ready tickets.
No Ready tickets.
No Ready tickets.
No Ready tickets.
No Ready tickets.
No Ready tickets.
No Ready tickets.
No Ready tickets.
No Ready tickets.
No Ready tickets.
No Ready tickets.
No Ready tickets.
No Ready tickets.
No Ready tickets.
No Ready tickets.
No Ready tickets.
No Ready tickets.
No Ready tickets.
No Ready tickets.
No Ready tickets.
No Ready tickets.
No Ready tickets.
No Ready tickets.
No Ready tickets.
No Ready tickets.
No Ready tickets.
No Ready tickets.
No Ready tickets.
No Ready tickets.
No Ready tickets.
No Ready tickets.
No Ready tickets.
No Ready tickets.
No Ready tickets.
No Ready tickets.
No Ready tickets.
No Ready tickets.
No Ready tickets.
No Ready tickets.
No Ready tickets.
No Ready tickets.
No Ready tickets.
No Ready tickets.
No Ready tickets.
No Ready tickets.
No Ready tickets.
No Ready tickets.
No Ready tickets.
No Ready tickets.
No Ready tickets.
No Ready tickets.
No Ready tickets.
No Ready tickets.
No Ready tickets.
No Ready tickets.
No Ready tickets.
No Ready tickets.
No Ready tickets.
No Ready tickets.
No Ready tickets.
No Ready tickets.
No Ready tickets.
No Ready tickets.
No Ready tickets.
No Ready tickets.
No Ready tickets.
No Ready tickets.
No Ready tickets.
No Ready tickets.
No Ready tickets.
No Ready tickets.
No Ready tickets.
No Ready tickets.
No Ready tickets.
No Ready tickets.
No Ready tickets.
No Ready tickets.
No Ready tickets.
No Ready tickets.
No Ready tickets.
No Ready tickets.
No Ready tickets.
No Ready tickets.
No Ready tickets.
No Ready tickets.
Found 1 Ready tickets...
Expanded: agregaaaa en el archivo app/page.tsx que diga 'Hola lola'
No Ready tickets.
No Ready tickets.
No Ready tickets.
No Ready tickets.
No Ready tickets.
No Ready tickets.
No Ready tickets.
No Ready tickets.
No Ready tickets.
No Ready tickets.
No Ready tickets.
No Ready tickets.
No Ready tickets.
No Ready tickets.
No Ready tickets.
No Ready tickets.
No Ready tickets.
No Ready tickets.
No Ready tickets.
No Ready tickets.
No Ready tickets.
No Ready tickets.
No Ready tickets.
No Ready tickets.
No Ready tickets.
No Ready tickets.
No Ready tickets.
No Ready tickets.
No Ready tickets.
No Ready tickets.
No Ready tickets.
No Ready tickets.
No Ready tickets.
No Ready tickets.
No Ready tickets.
No Ready tickets.
No Ready tickets.
No Ready tickets.
No Ready tickets.
No Ready tickets.
No Ready tickets.
No Ready tickets.
No Ready tickets.
No Ready tickets.
No Ready tickets.
No Ready tickets.
No Ready tickets.
No Ready tickets.
No Ready tickets.
No Ready tickets.
No Ready tickets.
No Ready tickets.
No Ready tickets.
No Ready tickets.
No Ready tickets.
No Ready tickets.
No Ready tickets.
No Ready tickets.
No Ready tickets.
No Ready tickets.
No Ready tickets.
No Ready tickets.
No Ready tickets.
No Ready tickets.
No Ready tickets.
No Ready tickets.
No Ready tickets.
No Ready tickets.
No Ready tickets.
No Ready tickets.
No Ready tickets.
No Ready tickets.
No Ready tickets.
No Ready tickets.
No Ready tickets.
No Ready tickets.
No Ready tickets.
No Ready tickets.
No Ready tickets.
No Ready tickets.
No Ready tickets.
No Ready tickets.
