2026-03-03 09:57:46: ReferenceError: runPlanFlow is not defined
2026-03-03 09:57:46:     at Object.<anonymous> (/root/.openclaw/main.js:66:20)
2026-03-03 09:57:46:     at Module._compile (node:internal/modules/cjs/loader:1706:14)
2026-03-03 09:57:46:     at Object..js (node:internal/modules/cjs/loader:1839:10)
2026-03-03 09:57:46:     at Module.load (node:internal/modules/cjs/loader:1441:32)
2026-03-03 09:57:46:     at Function._load (node:internal/modules/cjs/loader:1263:12)
2026-03-03 09:57:46:     at Object.<anonymous> (/root/.local/share/fnm/node-versions/v22.22.0/installation/lib/node_modules/pm2/lib/ProcessContainerFork.js:33:23)
2026-03-03 09:57:46:     at Module._compile (node:internal/modules/cjs/loader:1706:14)
2026-03-03 09:57:46:     at Object..js (node:internal/modules/cjs/loader:1839:10)
2026-03-03 09:57:46:     at Module.load (node:internal/modules/cjs/loader:1441:32)
2026-03-03 09:57:46:     at Function._load (node:internal/modules/cjs/loader:1263:12)
2026-03-03 09:57:46: ReferenceError: runPlanFlow is not defined
2026-03-03 09:57:46:     at Object.<anonymous> (/root/.openclaw/main.js:66:20)
2026-03-03 09:57:46:     at Module._compile (node:internal/modules/cjs/loader:1706:14)
2026-03-03 09:57:46:     at Object..js (node:internal/modules/cjs/loader:1839:10)
2026-03-03 09:57:46:     at Module.load (node:internal/modules/cjs/loader:1441:32)
2026-03-03 09:57:46:     at Function._load (node:internal/modules/cjs/loader:1263:12)
2026-03-03 09:57:46:     at Object.<anonymous> (/root/.local/share/fnm/node-versions/v22.22.0/installation/lib/node_modules/pm2/lib/ProcessContainerFork.js:33:23)
2026-03-03 09:57:46:     at Module._compile (node:internal/modules/cjs/loader:1706:14)
2026-03-03 09:57:46:     at Object..js (node:internal/modules/cjs/loader:1839:10)
2026-03-03 09:57:46:     at Module.load (node:internal/modules/cjs/loader:1441:32)
2026-03-03 09:57:46:     at Function._load (node:internal/modules/cjs/loader:1263:12)
2026-03-03 09:57:46: ReferenceError: runPlanFlow is not defined
2026-03-03 09:57:46:     at Object.<anonymous> (/root/.openclaw/main.js:66:20)
2026-03-03 09:57:46:     at Module._compile (node:internal/modules/cjs/loader:1706:14)
2026-03-03 09:57:46:     at Object..js (node:internal/modules/cjs/loader:1839:10)
2026-03-03 09:57:46:     at Module.load (node:internal/modules/cjs/loader:1441:32)
2026-03-03 09:57:46:     at Function._load (node:internal/modules/cjs/loader:1263:12)
2026-03-03 09:57:46:     at Object.<anonymous> (/root/.local/share/fnm/node-versions/v22.22.0/installation/lib/node_modules/pm2/lib/ProcessContainerFork.js:33:23)
2026-03-03 09:57:46:     at Module._compile (node:internal/modules/cjs/loader:1706:14)
2026-03-03 09:57:46:     at Object..js (node:internal/modules/cjs/loader:1839:10)
2026-03-03 09:57:46:     at Module.load (node:internal/modules/cjs/loader:1441:32)
2026-03-03 09:57:46:     at Function._load (node:internal/modules/cjs/loader:1263:12)
2026-03-03 09:57:46: ReferenceError: runPlanFlow is not defined
2026-03-03 09:57:46:     at Object.<anonymous> (/root/.openclaw/main.js:66:20)
2026-03-03 09:57:46:     at Module._compile (node:internal/modules/cjs/loader:1706:14)
2026-03-03 09:57:46:     at Object..js (node:internal/modules/cjs/loader:1839:10)
2026-03-03 09:57:46:     at Module.load (node:internal/modules/cjs/loader:1441:32)
2026-03-03 09:57:46:     at Function._load (node:internal/modules/cjs/loader:1263:12)
2026-03-03 09:57:46:     at Object.<anonymous> (/root/.local/share/fnm/node-versions/v22.22.0/installation/lib/node_modules/pm2/lib/ProcessContainerFork.js:33:23)
2026-03-03 09:57:46:     at Module._compile (node:internal/modules/cjs/loader:1706:14)
2026-03-03 09:57:46:     at Object..js (node:internal/modules/cjs/loader:1839:10)
2026-03-03 09:57:46:     at Module.load (node:internal/modules/cjs/loader:1441:32)
2026-03-03 09:57:46:     at Function._load (node:internal/modules/cjs/loader:1263:12)
2026-03-03 09:57:47: ReferenceError: runPlanFlow is not defined
2026-03-03 09:57:47:     at Object.<anonymous> (/root/.openclaw/main.js:66:20)
2026-03-03 09:57:47:     at Module._compile (node:internal/modules/cjs/loader:1706:14)
2026-03-03 09:57:47:     at Object..js (node:internal/modules/cjs/loader:1839:10)
2026-03-03 09:57:47:     at Module.load (node:internal/modules/cjs/loader:1441:32)
2026-03-03 09:57:47:     at Function._load (node:internal/modules/cjs/loader:1263:12)
2026-03-03 09:57:47:     at Object.<anonymous> (/root/.local/share/fnm/node-versions/v22.22.0/installation/lib/node_modules/pm2/lib/ProcessContainerFork.js:33:23)
2026-03-03 09:57:47:     at Module._compile (node:internal/modules/cjs/loader:1706:14)
2026-03-03 09:57:47:     at Object..js (node:internal/modules/cjs/loader:1839:10)
2026-03-03 09:57:47:     at Module.load (node:internal/modules/cjs/loader:1441:32)
2026-03-03 09:57:47:     at Function._load (node:internal/modules/cjs/loader:1263:12)
2026-03-03 09:57:47: ReferenceError: runPlanFlow is not defined
2026-03-03 09:57:47:     at Object.<anonymous> (/root/.openclaw/main.js:66:20)
2026-03-03 09:57:47:     at Module._compile (node:internal/modules/cjs/loader:1706:14)
2026-03-03 09:57:47:     at Object..js (node:internal/modules/cjs/loader:1839:10)
2026-03-03 09:57:47:     at Module.load (node:internal/modules/cjs/loader:1441:32)
2026-03-03 09:57:47:     at Function._load (node:internal/modules/cjs/loader:1263:12)
2026-03-03 09:57:47:     at Object.<anonymous> (/root/.local/share/fnm/node-versions/v22.22.0/installation/lib/node_modules/pm2/lib/ProcessContainerFork.js:33:23)
2026-03-03 09:57:47:     at Module._compile (node:internal/modules/cjs/loader:1706:14)
2026-03-03 09:57:47:     at Object..js (node:internal/modules/cjs/loader:1839:10)
2026-03-03 09:57:47:     at Module.load (node:internal/modules/cjs/loader:1441:32)
2026-03-03 09:57:47:     at Function._load (node:internal/modules/cjs/loader:1263:12)
2026-03-03 09:57:47: ReferenceError: runPlanFlow is not defined
2026-03-03 09:57:47:     at Object.<anonymous> (/root/.openclaw/main.js:66:20)
2026-03-03 09:57:47:     at Module._compile (node:internal/modules/cjs/loader:1706:14)
2026-03-03 09:57:47:     at Object..js (node:internal/modules/cjs/loader:1839:10)
2026-03-03 09:57:47:     at Module.load (node:internal/modules/cjs/loader:1441:32)
2026-03-03 09:57:47:     at Function._load (node:internal/modules/cjs/loader:1263:12)
2026-03-03 09:57:47:     at Object.<anonymous> (/root/.local/share/fnm/node-versions/v22.22.0/installation/lib/node_modules/pm2/lib/ProcessContainerFork.js:33:23)
2026-03-03 09:57:47:     at Module._compile (node:internal/modules/cjs/loader:1706:14)
2026-03-03 09:57:47:     at Object..js (node:internal/modules/cjs/loader:1839:10)
2026-03-03 09:57:47:     at Module.load (node:internal/modules/cjs/loader:1441:32)
2026-03-03 09:57:47:     at Function._load (node:internal/modules/cjs/loader:1263:12)
2026-03-03 09:57:47: ReferenceError: runPlanFlow is not defined
2026-03-03 09:57:47:     at Object.<anonymous> (/root/.openclaw/main.js:66:20)
2026-03-03 09:57:47:     at Module._compile (node:internal/modules/cjs/loader:1706:14)
2026-03-03 09:57:47:     at Object..js (node:internal/modules/cjs/loader:1839:10)
2026-03-03 09:57:47:     at Module.load (node:internal/modules/cjs/loader:1441:32)
2026-03-03 09:57:47:     at Function._load (node:internal/modules/cjs/loader:1263:12)
2026-03-03 09:57:47:     at Object.<anonymous> (/root/.local/share/fnm/node-versions/v22.22.0/installation/lib/node_modules/pm2/lib/ProcessContainerFork.js:33:23)
2026-03-03 09:57:47:     at Module._compile (node:internal/modules/cjs/loader:1706:14)
2026-03-03 09:57:47:     at Object..js (node:internal/modules/cjs/loader:1839:10)
2026-03-03 09:57:47:     at Module.load (node:internal/modules/cjs/loader:1441:32)
2026-03-03 09:57:47:     at Function._load (node:internal/modules/cjs/loader:1263:12)
2026-03-03 09:57:47: ReferenceError: runPlanFlow is not defined
2026-03-03 09:57:47:     at Object.<anonymous> (/root/.openclaw/main.js:66:20)
2026-03-03 09:57:47:     at Module._compile (node:internal/modules/cjs/loader:1706:14)
2026-03-03 09:57:47:     at Object..js (node:internal/modules/cjs/loader:1839:10)
2026-03-03 09:57:47:     at Module.load (node:internal/modules/cjs/loader:1441:32)
2026-03-03 09:57:47:     at Function._load (node:internal/modules/cjs/loader:1263:12)
2026-03-03 09:57:47:     at Object.<anonymous> (/root/.local/share/fnm/node-versions/v22.22.0/installation/lib/node_modules/pm2/lib/ProcessContainerFork.js:33:23)
2026-03-03 09:57:47:     at Module._compile (node:internal/modules/cjs/loader:1706:14)
2026-03-03 09:57:47:     at Object..js (node:internal/modules/cjs/loader:1839:10)
2026-03-03 09:57:47:     at Module.load (node:internal/modules/cjs/loader:1441:32)
2026-03-03 09:57:47:     at Function._load (node:internal/modules/cjs/loader:1263:12)
2026-03-03 09:57:47: ReferenceError: runPlanFlow is not defined
2026-03-03 09:57:47:     at Object.<anonymous> (/root/.openclaw/main.js:66:20)
2026-03-03 09:57:47:     at Module._compile (node:internal/modules/cjs/loader:1706:14)
2026-03-03 09:57:47:     at Object..js (node:internal/modules/cjs/loader:1839:10)
2026-03-03 09:57:47:     at Module.load (node:internal/modules/cjs/loader:1441:32)
2026-03-03 09:57:47:     at Function._load (node:internal/modules/cjs/loader:1263:12)
2026-03-03 09:57:47:     at Object.<anonymous> (/root/.local/share/fnm/node-versions/v22.22.0/installation/lib/node_modules/pm2/lib/ProcessContainerFork.js:33:23)
2026-03-03 09:57:47:     at Module._compile (node:internal/modules/cjs/loader:1706:14)
2026-03-03 09:57:47:     at Object..js (node:internal/modules/cjs/loader:1839:10)
2026-03-03 09:57:47:     at Module.load (node:internal/modules/cjs/loader:1441:32)
2026-03-03 09:57:47:     at Function._load (node:internal/modules/cjs/loader:1263:12)
2026-03-03 09:57:47: ReferenceError: runPlanFlow is not defined
2026-03-03 09:57:47:     at Object.<anonymous> (/root/.openclaw/main.js:66:20)
2026-03-03 09:57:47:     at Module._compile (node:internal/modules/cjs/loader:1706:14)
2026-03-03 09:57:47:     at Object..js (node:internal/modules/cjs/loader:1839:10)
2026-03-03 09:57:47:     at Module.load (node:internal/modules/cjs/loader:1441:32)
2026-03-03 09:57:47:     at Function._load (node:internal/modules/cjs/loader:1263:12)
2026-03-03 09:57:47:     at Object.<anonymous> (/root/.local/share/fnm/node-versions/v22.22.0/installation/lib/node_modules/pm2/lib/ProcessContainerFork.js:33:23)
2026-03-03 09:57:47:     at Module._compile (node:internal/modules/cjs/loader:1706:14)
2026-03-03 09:57:47:     at Object..js (node:internal/modules/cjs/loader:1839:10)
2026-03-03 09:57:47:     at Module.load (node:internal/modules/cjs/loader:1441:32)
2026-03-03 09:57:47:     at Function._load (node:internal/modules/cjs/loader:1263:12)
2026-03-03 09:57:47: ReferenceError: runPlanFlow is not defined
2026-03-03 09:57:47:     at Object.<anonymous> (/root/.openclaw/main.js:66:20)
2026-03-03 09:57:47:     at Module._compile (node:internal/modules/cjs/loader:1706:14)
2026-03-03 09:57:47:     at Object..js (node:internal/modules/cjs/loader:1839:10)
2026-03-03 09:57:47:     at Module.load (node:internal/modules/cjs/loader:1441:32)
2026-03-03 09:57:47:     at Function._load (node:internal/modules/cjs/loader:1263:12)
2026-03-03 09:57:47:     at Object.<anonymous> (/root/.local/share/fnm/node-versions/v22.22.0/installation/lib/node_modules/pm2/lib/ProcessContainerFork.js:33:23)
2026-03-03 09:57:47:     at Module._compile (node:internal/modules/cjs/loader:1706:14)
2026-03-03 09:57:47:     at Object..js (node:internal/modules/cjs/loader:1839:10)
2026-03-03 09:57:47:     at Module.load (node:internal/modules/cjs/loader:1441:32)
2026-03-03 09:57:47:     at Function._load (node:internal/modules/cjs/loader:1263:12)
2026-03-03 09:57:47: ReferenceError: runPlanFlow is not defined
2026-03-03 09:57:47:     at Object.<anonymous> (/root/.openclaw/main.js:66:20)
2026-03-03 09:57:47:     at Module._compile (node:internal/modules/cjs/loader:1706:14)
2026-03-03 09:57:47:     at Object..js (node:internal/modules/cjs/loader:1839:10)
2026-03-03 09:57:47:     at Module.load (node:internal/modules/cjs/loader:1441:32)
2026-03-03 09:57:47:     at Function._load (node:internal/modules/cjs/loader:1263:12)
2026-03-03 09:57:47:     at Object.<anonymous> (/root/.local/share/fnm/node-versions/v22.22.0/installation/lib/node_modules/pm2/lib/ProcessContainerFork.js:33:23)
2026-03-03 09:57:47:     at Module._compile (node:internal/modules/cjs/loader:1706:14)
2026-03-03 09:57:47:     at Object..js (node:internal/modules/cjs/loader:1839:10)
2026-03-03 09:57:47:     at Module.load (node:internal/modules/cjs/loader:1441:32)
2026-03-03 09:57:47:     at Function._load (node:internal/modules/cjs/loader:1263:12)
2026-03-03 09:57:48: ReferenceError: runPlanFlow is not defined
2026-03-03 09:57:48:     at Object.<anonymous> (/root/.openclaw/main.js:66:20)
2026-03-03 09:57:48:     at Module._compile (node:internal/modules/cjs/loader:1706:14)
2026-03-03 09:57:48:     at Object..js (node:internal/modules/cjs/loader:1839:10)
2026-03-03 09:57:48:     at Module.load (node:internal/modules/cjs/loader:1441:32)
2026-03-03 09:57:48:     at Function._load (node:internal/modules/cjs/loader:1263:12)
2026-03-03 09:57:48:     at Object.<anonymous> (/root/.local/share/fnm/node-versions/v22.22.0/installation/lib/node_modules/pm2/lib/ProcessContainerFork.js:33:23)
2026-03-03 09:57:48:     at Module._compile (node:internal/modules/cjs/loader:1706:14)
2026-03-03 09:57:48:     at Object..js (node:internal/modules/cjs/loader:1839:10)
2026-03-03 09:57:48:     at Module.load (node:internal/modules/cjs/loader:1441:32)
2026-03-03 09:57:48:     at Function._load (node:internal/modules/cjs/loader:1263:12)
2026-03-03 09:57:48: ReferenceError: runPlanFlow is not defined
2026-03-03 09:57:48:     at Object.<anonymous> (/root/.openclaw/main.js:66:20)
2026-03-03 09:57:48:     at Module._compile (node:internal/modules/cjs/loader:1706:14)
2026-03-03 09:57:48:     at Object..js (node:internal/modules/cjs/loader:1839:10)
2026-03-03 09:57:48:     at Module.load (node:internal/modules/cjs/loader:1441:32)
2026-03-03 09:57:48:     at Function._load (node:internal/modules/cjs/loader:1263:12)
2026-03-03 09:57:48:     at Object.<anonymous> (/root/.local/share/fnm/node-versions/v22.22.0/installation/lib/node_modules/pm2/lib/ProcessContainerFork.js:33:23)
2026-03-03 09:57:48:     at Module._compile (node:internal/modules/cjs/loader:1706:14)
2026-03-03 09:57:48:     at Object..js (node:internal/modules/cjs/loader:1839:10)
2026-03-03 09:57:48:     at Module.load (node:internal/modules/cjs/loader:1441:32)
2026-03-03 09:57:48:     at Function._load (node:internal/modules/cjs/loader:1263:12)
