2026-03-03 09:52:20: [dotenv@17.3.1] injecting env (9) from .env -- tip: 🔐 prevent building .env in docker: https://dotenvx.com/prebuild
2026-03-03 09:52:20: [dotenv@17.3.1] injecting env (0) from .env -- tip: ⚙️  load multiple .env files with { path: ['.env.local', '.env'] }
2026-03-03 09:52:20: 🚀 Bot iniciado. Escaneando...
2026-03-03 09:52:23: [dotenv@17.3.1] injecting env (9) from .env -- tip: 🔐 prevent committing .env to code: https://dotenvx.com/precommit
2026-03-03 09:52:23: [dotenv@17.3.1] injecting env (0) from .env -- tip: 🛠️  run anywhere with `dotenvx run -- yourcommand`
2026-03-03 09:52:23: 🚀 Bot iniciado. Escaneando...
2026-03-03 09:52:26: [dotenv@17.3.1] injecting env (9) from .env -- tip: 🤖 agentic secret storage: https://dotenvx.com/as2
2026-03-03 09:52:26: [dotenv@17.3.1] injecting env (0) from .env -- tip: ⚙️  suppress all logs with { quiet: true }
2026-03-03 09:52:26: 🚀 Bot iniciado. Escaneando...
2026-03-03 09:52:29: [dotenv@17.3.1] injecting env (9) from .env -- tip: ⚙️  write to custom object with { processEnv: myObject }
2026-03-03 09:52:29: [dotenv@17.3.1] injecting env (0) from .env -- tip: ⚙️  load multiple .env files with { path: ['.env.local', '.env'] }
2026-03-03 09:52:29: 🚀 Bot iniciado. Escaneando...
2026-03-03 09:52:32: [dotenv@17.3.1] injecting env (9) from .env -- tip: 🔐 encrypt with Dotenvx: https://dotenvx.com
2026-03-03 09:52:32: [dotenv@17.3.1] injecting env (0) from .env -- tip: ⚙️  suppress all logs with { quiet: true }
2026-03-03 09:52:32: 🚀 Bot iniciado. Escaneando...
2026-03-03 09:52:35: [dotenv@17.3.1] injecting env (9) from .env -- tip: ⚙️  load multiple .env files with { path: ['.env.local', '.env'] }
2026-03-03 09:52:35: [dotenv@17.3.1] injecting env (0) from .env -- tip: 🤖 agentic secret storage: https://dotenvx.com/as2
2026-03-03 09:52:35: 🚀 Bot iniciado. Escaneando...
2026-03-03 09:52:38: [dotenv@17.3.1] injecting env (9) from .env -- tip: 🛠️  run anywhere with `dotenvx run -- yourcommand`
2026-03-03 09:52:38: [dotenv@17.3.1] injecting env (0) from .env -- tip: 🔐 prevent building .env in docker: https://dotenvx.com/prebuild
2026-03-03 09:52:38: 🚀 Bot iniciado. Escaneando...
2026-03-03 09:52:41: [dotenv@17.3.1] injecting env (9) from .env -- tip: ⚡️ secrets for agents: https://dotenvx.com/as2
2026-03-03 09:52:41: [dotenv@17.3.1] injecting env (0) from .env -- tip: ⚙️  override existing env vars with { override: true }
2026-03-03 09:52:41: 🚀 Bot iniciado. Escaneando...
2026-03-03 09:52:44: [dotenv@17.3.1] injecting env (9) from .env -- tip: ⚙️  override existing env vars with { override: true }
2026-03-03 09:52:44: [dotenv@17.3.1] injecting env (0) from .env -- tip: 🤖 agentic secret storage: https://dotenvx.com/as2
2026-03-03 09:52:44: 🚀 Bot iniciado. Escaneando...
2026-03-03 09:52:48: [dotenv@17.3.1] injecting env (9) from .env -- tip: ⚙️  write to custom object with { processEnv: myObject }
2026-03-03 09:52:48: [dotenv@17.3.1] injecting env (0) from .env -- tip: 🛠️  run anywhere with `dotenvx run -- yourcommand`
2026-03-03 09:52:48: 🚀 Bot iniciado. Escaneando...
2026-03-03 09:52:51: [dotenv@17.3.1] injecting env (9) from .env -- tip: 🛠️  run anywhere with `dotenvx run -- yourcommand`
2026-03-03 09:52:51: [dotenv@17.3.1] injecting env (0) from .env -- tip: ⚙️  load multiple .env files with { path: ['.env.local', '.env'] }
2026-03-03 09:52:51: 🚀 Bot iniciado. Escaneando...
2026-03-03 09:52:54: [dotenv@17.3.1] injecting env (9) from .env -- tip: ⚙️  write to custom object with { processEnv: myObject }
2026-03-03 09:52:54: [dotenv@17.3.1] injecting env (0) from .env -- tip: ⚙️  override existing env vars with { override: true }
2026-03-03 09:52:54: 🚀 Bot iniciado. Escaneando...
2026-03-03 09:52:57: [dotenv@17.3.1] injecting env (9) from .env -- tip: ⚙️  override existing env vars with { override: true }
2026-03-03 09:52:57: [dotenv@17.3.1] injecting env (0) from .env -- tip: ⚙️  override existing env vars with { override: true }
2026-03-03 09:52:57: 🚀 Bot iniciado. Escaneando...
2026-03-03 09:53:00: [dotenv@17.3.1] injecting env (9) from .env -- tip: 🔐 encrypt with Dotenvx: https://dotenvx.com
2026-03-03 09:53:00: [dotenv@17.3.1] injecting env (0) from .env -- tip: ⚡️ secrets for agents: https://dotenvx.com/as2
2026-03-03 09:53:00: 🚀 Bot iniciado. Escaneando...
2026-03-03 09:53:03: [dotenv@17.3.1] injecting env (9) from .env -- tip: ⚙️  load multiple .env files with { path: ['.env.local', '.env'] }
2026-03-03 09:53:03: [dotenv@17.3.1] injecting env (0) from .env -- tip: 🔐 prevent building .env in docker: https://dotenvx.com/prebuild
2026-03-03 09:53:03: 🚀 Bot iniciado. Escaneando...
2026-03-03 09:53:06: [dotenv@17.3.1] injecting env (9) from .env -- tip: 🔐 prevent committing .env to code: https://dotenvx.com/precommit
2026-03-03 09:53:06: [dotenv@17.3.1] injecting env (0) from .env -- tip: 🤖 agentic secret storage: https://dotenvx.com/as2
2026-03-03 09:53:06: 🚀 Bot iniciado. Escaneando...
2026-03-03 09:53:09: [dotenv@17.3.1] injecting env (9) from .env -- tip: 🤖 agentic secret storage: https://dotenvx.com/as2
2026-03-03 09:53:09: [dotenv@17.3.1] injecting env (0) from .env -- tip: ⚙️  enable debug logging with { debug: true }
2026-03-03 09:53:09: 🚀 Bot iniciado. Escaneando...
2026-03-03 09:53:12: [dotenv@17.3.1] injecting env (9) from .env -- tip: ⚙️  suppress all logs with { quiet: true }
2026-03-03 09:53:12: [dotenv@17.3.1] injecting env (0) from .env -- tip: ⚙️  specify custom .env file path with { path: '/custom/path/.env' }
2026-03-03 09:53:12: 🚀 Bot iniciado. Escaneando...
2026-03-03 09:53:15: [dotenv@17.3.1] injecting env (9) from .env -- tip: 🤖 agentic secret storage: https://dotenvx.com/as2
2026-03-03 09:53:15: [dotenv@17.3.1] injecting env (0) from .env -- tip: 🤖 agentic secret storage: https://dotenvx.com/as2
2026-03-03 09:53:15: 🚀 Bot iniciado. Escaneando...
2026-03-03 09:53:18: [dotenv@17.3.1] injecting env (9) from .env -- tip: ⚙️  suppress all logs with { quiet: true }
2026-03-03 09:53:18: [dotenv@17.3.1] injecting env (0) from .env -- tip: 🛡️ auth for agents: https://vestauth.com
2026-03-03 09:53:18: 🚀 Bot iniciado. Escaneando...
2026-03-03 09:53:21: [dotenv@17.3.1] injecting env (9) from .env -- tip: 🔐 encrypt with Dotenvx: https://dotenvx.com
2026-03-03 09:53:21: [dotenv@17.3.1] injecting env (0) from .env -- tip: 🤖 agentic secret storage: https://dotenvx.com/as2
2026-03-03 09:53:21: 🚀 Bot iniciado. Escaneando...
2026-03-03 09:53:24: [dotenv@17.3.1] injecting env (9) from .env -- tip: 🔐 prevent committing .env to code: https://dotenvx.com/precommit
2026-03-03 09:53:24: [dotenv@17.3.1] injecting env (0) from .env -- tip: ⚙️  suppress all logs with { quiet: true }
2026-03-03 09:53:24: 🚀 Bot iniciado. Escaneando...
2026-03-03 09:53:27: [dotenv@17.3.1] injecting env (9) from .env -- tip: ⚙️  write to custom object with { processEnv: myObject }
2026-03-03 09:53:27: [dotenv@17.3.1] injecting env (0) from .env -- tip: ⚙️  suppress all logs with { quiet: true }
2026-03-03 09:53:27: 🚀 Bot iniciado. Escaneando...
2026-03-03 09:53:31: [dotenv@17.3.1] injecting env (9) from .env -- tip: ⚙️  override existing env vars with { override: true }
2026-03-03 09:53:31: [dotenv@17.3.1] injecting env (0) from .env -- tip: 🔐 encrypt with Dotenvx: https://dotenvx.com
2026-03-03 09:53:31: 🚀 Bot iniciado. Escaneando...
2026-03-03 09:53:34: [dotenv@17.3.1] injecting env (9) from .env -- tip: ⚙️  load multiple .env files with { path: ['.env.local', '.env'] }
2026-03-03 09:53:34: [dotenv@17.3.1] injecting env (0) from .env -- tip: ⚙️  load multiple .env files with { path: ['.env.local', '.env'] }
2026-03-03 09:53:34: 🚀 Bot iniciado. Escaneando...
2026-03-03 09:53:37: [dotenv@17.3.1] injecting env (9) from .env -- tip: ⚙️  load multiple .env files with { path: ['.env.local', '.env'] }
2026-03-03 09:53:37: [dotenv@17.3.1] injecting env (0) from .env -- tip: ⚙️  suppress all logs with { quiet: true }
2026-03-03 09:53:37: 🚀 Bot iniciado. Escaneando...
2026-03-03 09:53:40: [dotenv@17.3.1] injecting env (9) from .env -- tip: 🔐 encrypt with Dotenvx: https://dotenvx.com
2026-03-03 09:53:40: [dotenv@17.3.1] injecting env (0) from .env -- tip: ⚙️  write to custom object with { processEnv: myObject }
2026-03-03 09:53:40: 🚀 Bot iniciado. Escaneando...
2026-03-03 09:53:43: [dotenv@17.3.1] injecting env (9) from .env -- tip: ⚙️  specify custom .env file path with { path: '/custom/path/.env' }
2026-03-03 09:53:43: [dotenv@17.3.1] injecting env (0) from .env -- tip: 🛠️  run anywhere with `dotenvx run -- yourcommand`
2026-03-03 09:53:43: 🚀 Bot iniciado. Escaneando...
2026-03-03 09:53:46: [dotenv@17.3.1] injecting env (9) from .env -- tip: ⚙️  specify custom .env file path with { path: '/custom/path/.env' }
2026-03-03 09:53:46: [dotenv@17.3.1] injecting env (0) from .env -- tip: 🔐 prevent building .env in docker: https://dotenvx.com/prebuild
2026-03-03 09:53:46: 🚀 Bot iniciado. Escaneando...
2026-03-03 09:53:49: [dotenv@17.3.1] injecting env (9) from .env -- tip: 🔐 encrypt with Dotenvx: https://dotenvx.com
2026-03-03 09:53:49: [dotenv@17.3.1] injecting env (0) from .env -- tip: 🛠️  run anywhere with `dotenvx run -- yourcommand`
2026-03-03 09:53:49: 🚀 Bot iniciado. Escaneando...
2026-03-03 09:53:52: [dotenv@17.3.1] injecting env (9) from .env -- tip: ⚙️  enable debug logging with { debug: true }
2026-03-03 09:53:52: [dotenv@17.3.1] injecting env (0) from .env -- tip: ⚙️  write to custom object with { processEnv: myObject }
2026-03-03 09:53:52: 🚀 Bot iniciado. Escaneando...
2026-03-03 09:53:55: [dotenv@17.3.1] injecting env (9) from .env -- tip: ⚙️  enable debug logging with { debug: true }
2026-03-03 09:53:55: [dotenv@17.3.1] injecting env (0) from .env -- tip: ⚙️  override existing env vars with { override: true }
2026-03-03 09:53:55: 🚀 Bot iniciado. Escaneando...
2026-03-03 09:53:58: [dotenv@17.3.1] injecting env (9) from .env -- tip: ⚙️  enable debug logging with { debug: true }
2026-03-03 09:53:58: [dotenv@17.3.1] injecting env (0) from .env -- tip: 🔐 prevent building .env in docker: https://dotenvx.com/prebuild
2026-03-03 09:53:58: 🚀 Bot iniciado. Escaneando...
2026-03-03 09:54:01: [dotenv@17.3.1] injecting env (9) from .env -- tip: ⚙️  suppress all logs with { quiet: true }
2026-03-03 09:54:01: [dotenv@17.3.1] injecting env (0) from .env -- tip: ⚙️  specify custom .env file path with { path: '/custom/path/.env' }
2026-03-03 09:54:01: 🚀 Bot iniciado. Escaneando...
2026-03-03 09:54:04: [dotenv@17.3.1] injecting env (9) from .env -- tip: ⚙️  specify custom .env file path with { path: '/custom/path/.env' }
2026-03-03 09:54:04: [dotenv@17.3.1] injecting env (0) from .env -- tip: 🔐 prevent building .env in docker: https://dotenvx.com/prebuild
2026-03-03 09:54:04: 🚀 Bot iniciado. Escaneando...
2026-03-03 09:54:07: [dotenv@17.3.1] injecting env (9) from .env -- tip: 🔐 prevent committing .env to code: https://dotenvx.com/precommit
2026-03-03 09:54:07: [dotenv@17.3.1] injecting env (0) from .env -- tip: 🔐 prevent committing .env to code: https://dotenvx.com/precommit
2026-03-03 09:54:07: 🚀 Bot iniciado. Escaneando...
2026-03-03 09:54:10: [dotenv@17.3.1] injecting env (9) from .env -- tip: ⚙️  suppress all logs with { quiet: true }
2026-03-03 09:54:10: [dotenv@17.3.1] injecting env (0) from .env -- tip: ⚙️  specify custom .env file path with { path: '/custom/path/.env' }
2026-03-03 09:54:10: 🚀 Bot iniciado. Escaneando...
2026-03-03 09:54:13: [dotenv@17.3.1] injecting env (9) from .env -- tip: ⚙️  suppress all logs with { quiet: true }
2026-03-03 09:54:13: [dotenv@17.3.1] injecting env (0) from .env -- tip: 🔐 encrypt with Dotenvx: https://dotenvx.com
2026-03-03 09:54:13: 🚀 Bot iniciado. Escaneando...
2026-03-03 09:54:17: [dotenv@17.3.1] injecting env (9) from .env -- tip: ⚙️  write to custom object with { processEnv: myObject }
2026-03-03 09:54:17: [dotenv@17.3.1] injecting env (0) from .env -- tip: ⚙️  enable debug logging with { debug: true }
2026-03-03 09:54:17: 🚀 Bot iniciado. Escaneando...
2026-03-03 09:54:20: [dotenv@17.3.1] injecting env (9) from .env -- tip: 🛡️ auth for agents: https://vestauth.com
2026-03-03 09:54:20: [dotenv@17.3.1] injecting env (0) from .env -- tip: ⚙️  specify custom .env file path with { path: '/custom/path/.env' }
2026-03-03 09:54:20: 🚀 Bot iniciado. Escaneando...
2026-03-03 09:54:23: [dotenv@17.3.1] injecting env (9) from .env -- tip: 🔐 prevent committing .env to code: https://dotenvx.com/precommit
2026-03-03 09:54:23: [dotenv@17.3.1] injecting env (0) from .env -- tip: ⚙️  load multiple .env files with { path: ['.env.local', '.env'] }
2026-03-03 09:54:23: 🚀 Bot iniciado. Escaneando...
2026-03-03 09:54:26: [dotenv@17.3.1] injecting env (9) from .env -- tip: 🛠️  run anywhere with `dotenvx run -- yourcommand`
2026-03-03 09:54:26: [dotenv@17.3.1] injecting env (0) from .env -- tip: 🛠️  run anywhere with `dotenvx run -- yourcommand`
2026-03-03 09:54:26: 🚀 Bot iniciado. Escaneando...
2026-03-03 09:54:29: [dotenv@17.3.1] injecting env (9) from .env -- tip: 🛠️  run anywhere with `dotenvx run -- yourcommand`
2026-03-03 09:54:29: [dotenv@17.3.1] injecting env (0) from .env -- tip: 🔐 prevent committing .env to code: https://dotenvx.com/precommit
2026-03-03 09:54:29: 🚀 Bot iniciado. Escaneando...
2026-03-03 09:54:32: [dotenv@17.3.1] injecting env (9) from .env -- tip: 🛡️ auth for agents: https://vestauth.com
2026-03-03 09:54:32: [dotenv@17.3.1] injecting env (0) from .env -- tip: 🛠️  run anywhere with `dotenvx run -- yourcommand`
2026-03-03 09:54:32: 🚀 Bot iniciado. Escaneando...
2026-03-03 09:54:35: [dotenv@17.3.1] injecting env (9) from .env -- tip: ⚙️  load multiple .env files with { path: ['.env.local', '.env'] }
2026-03-03 09:54:35: [dotenv@17.3.1] injecting env (0) from .env -- tip: 🤖 agentic secret storage: https://dotenvx.com/as2
2026-03-03 09:54:35: 🚀 Bot iniciado. Escaneando...
2026-03-03 09:54:38: [dotenv@17.3.1] injecting env (9) from .env -- tip: 🔐 encrypt with Dotenvx: https://dotenvx.com
2026-03-03 09:54:38: [dotenv@17.3.1] injecting env (0) from .env -- tip: ⚙️  load multiple .env files with { path: ['.env.local', '.env'] }
2026-03-03 09:54:38: 🚀 Bot iniciado. Escaneando...
2026-03-03 09:54:41: [dotenv@17.3.1] injecting env (9) from .env -- tip: ⚙️  suppress all logs with { quiet: true }
2026-03-03 09:54:41: [dotenv@17.3.1] injecting env (0) from .env -- tip: 🤖 agentic secret storage: https://dotenvx.com/as2
2026-03-03 09:54:41: 🚀 Bot iniciado. Escaneando...
2026-03-03 09:54:44: [dotenv@17.3.1] injecting env (9) from .env -- tip: 🛠️  run anywhere with `dotenvx run -- yourcommand`
2026-03-03 09:54:44: [dotenv@17.3.1] injecting env (0) from .env -- tip: ⚡️ secrets for agents: https://dotenvx.com/as2
2026-03-03 09:54:44: 🚀 Bot iniciado. Escaneando...
2026-03-03 09:54:47: [dotenv@17.3.1] injecting env (9) from .env -- tip: ⚙️  enable debug logging with { debug: true }
2026-03-03 09:54:47: [dotenv@17.3.1] injecting env (0) from .env -- tip: ⚙️  specify custom .env file path with { path: '/custom/path/.env' }
2026-03-03 09:54:47: 🚀 Bot iniciado. Escaneando...
2026-03-03 09:54:50: [dotenv@17.3.1] injecting env (9) from .env -- tip: ⚙️  load multiple .env files with { path: ['.env.local', '.env'] }
2026-03-03 09:54:50: [dotenv@17.3.1] injecting env (0) from .env -- tip: 🛡️ auth for agents: https://vestauth.com
2026-03-03 09:54:50: 🚀 Bot iniciado. Escaneando...
2026-03-03 09:54:53: [dotenv@17.3.1] injecting env (9) from .env -- tip: ⚙️  suppress all logs with { quiet: true }
2026-03-03 09:54:53: [dotenv@17.3.1] injecting env (0) from .env -- tip: 🔐 prevent committing .env to code: https://dotenvx.com/precommit
2026-03-03 09:54:53: 🚀 Bot iniciado. Escaneando...
2026-03-03 09:54:56: [dotenv@17.3.1] injecting env (9) from .env -- tip: ⚙️  override existing env vars with { override: true }
2026-03-03 09:54:56: [dotenv@17.3.1] injecting env (0) from .env -- tip: 🔐 prevent committing .env to code: https://dotenvx.com/precommit
2026-03-03 09:54:56: 🚀 Bot iniciado. Escaneando...
2026-03-03 09:55:00: [dotenv@17.3.1] injecting env (9) from .env -- tip: ⚡️ secrets for agents: https://dotenvx.com/as2
2026-03-03 09:55:00: [dotenv@17.3.1] injecting env (0) from .env -- tip: ⚙️  suppress all logs with { quiet: true }
2026-03-03 09:55:00: 🚀 Bot iniciado. Escaneando...
2026-03-03 09:55:03: [dotenv@17.3.1] injecting env (9) from .env -- tip: ⚙️  write to custom object with { processEnv: myObject }
2026-03-03 09:55:03: [dotenv@17.3.1] injecting env (0) from .env -- tip: 🔐 prevent building .env in docker: https://dotenvx.com/prebuild
2026-03-03 09:55:03: 🚀 Bot iniciado. Escaneando...
2026-03-03 09:55:06: [dotenv@17.3.1] injecting env (9) from .env -- tip: ⚙️  enable debug logging with { debug: true }
2026-03-03 09:55:06: [dotenv@17.3.1] injecting env (0) from .env -- tip: ⚙️  enable debug logging with { debug: true }
2026-03-03 09:55:06: 🚀 Bot iniciado. Escaneando...
2026-03-03 09:55:09: [dotenv@17.3.1] injecting env (9) from .env -- tip: 🤖 agentic secret storage: https://dotenvx.com/as2
2026-03-03 09:55:09: [dotenv@17.3.1] injecting env (0) from .env -- tip: 🛡️ auth for agents: https://vestauth.com
2026-03-03 09:55:09: 🚀 Bot iniciado. Escaneando...
2026-03-03 09:55:12: [dotenv@17.3.1] injecting env (9) from .env -- tip: ⚡️ secrets for agents: https://dotenvx.com/as2
2026-03-03 09:55:12: [dotenv@17.3.1] injecting env (0) from .env -- tip: 🔐 encrypt with Dotenvx: https://dotenvx.com
2026-03-03 09:55:12: 🚀 Bot iniciado. Escaneando...
2026-03-03 09:55:15: [dotenv@17.3.1] injecting env (9) from .env -- tip: 🔐 prevent building .env in docker: https://dotenvx.com/prebuild
2026-03-03 09:55:15: [dotenv@17.3.1] injecting env (0) from .env -- tip: 🛡️ auth for agents: https://vestauth.com
2026-03-03 09:55:15: 🚀 Bot iniciado. Escaneando...
2026-03-03 09:55:18: [dotenv@17.3.1] injecting env (9) from .env -- tip: 🤖 agentic secret storage: https://dotenvx.com/as2
2026-03-03 09:55:18: [dotenv@17.3.1] injecting env (0) from .env -- tip: ⚙️  load multiple .env files with { path: ['.env.local', '.env'] }
2026-03-03 09:55:18: 🚀 Bot iniciado. Escaneando...
2026-03-03 09:55:21: [dotenv@17.3.1] injecting env (9) from .env -- tip: ⚙️  override existing env vars with { override: true }
2026-03-03 09:55:21: [dotenv@17.3.1] injecting env (0) from .env -- tip: ⚙️  write to custom object with { processEnv: myObject }
2026-03-03 09:55:21: 🚀 Bot iniciado. Escaneando...
2026-03-03 09:55:24: [dotenv@17.3.1] injecting env (9) from .env -- tip: ⚙️  load multiple .env files with { path: ['.env.local', '.env'] }
2026-03-03 09:55:24: [dotenv@17.3.1] injecting env (0) from .env -- tip: ⚙️  write to custom object with { processEnv: myObject }
2026-03-03 09:55:24: 🚀 Bot iniciado. Escaneando...
2026-03-03 09:55:27: [dotenv@17.3.1] injecting env (9) from .env -- tip: ⚙️  enable debug logging with { debug: true }
2026-03-03 09:55:27: [dotenv@17.3.1] injecting env (0) from .env -- tip: 🔐 prevent building .env in docker: https://dotenvx.com/prebuild
2026-03-03 09:55:27: 🚀 Bot iniciado. Escaneando...
2026-03-03 09:55:30: [dotenv@17.3.1] injecting env (9) from .env -- tip: 🔐 encrypt with Dotenvx: https://dotenvx.com
2026-03-03 09:55:30: [dotenv@17.3.1] injecting env (0) from .env -- tip: ⚙️  enable debug logging with { debug: true }
2026-03-03 09:55:30: 🚀 Bot iniciado. Escaneando...
2026-03-03 09:55:33: [dotenv@17.3.1] injecting env (9) from .env -- tip: ⚙️  override existing env vars with { override: true }
2026-03-03 09:55:33: [dotenv@17.3.1] injecting env (0) from .env -- tip: ⚙️  suppress all logs with { quiet: true }
2026-03-03 09:55:33: 🚀 Bot iniciado. Escaneando...
2026-03-03 09:55:36: [dotenv@17.3.1] injecting env (9) from .env -- tip: ⚙️  suppress all logs with { quiet: true }
2026-03-03 09:55:36: [dotenv@17.3.1] injecting env (0) from .env -- tip: 🔐 prevent building .env in docker: https://dotenvx.com/prebuild
2026-03-03 09:55:36: 🚀 Bot iniciado. Escaneando...
2026-03-03 09:55:39: [dotenv@17.3.1] injecting env (9) from .env -- tip: ⚙️  specify custom .env file path with { path: '/custom/path/.env' }
2026-03-03 09:55:39: [dotenv@17.3.1] injecting env (0) from .env -- tip: ⚙️  specify custom .env file path with { path: '/custom/path/.env' }
2026-03-03 09:55:39: 🚀 Bot iniciado. Escaneando...
2026-03-03 09:55:43: [dotenv@17.3.1] injecting env (9) from .env -- tip: 🤖 agentic secret storage: https://dotenvx.com/as2
2026-03-03 09:55:43: [dotenv@17.3.1] injecting env (0) from .env -- tip: ⚙️  specify custom .env file path with { path: '/custom/path/.env' }
2026-03-03 09:55:43: 🚀 Bot iniciado. Escaneando...
2026-03-03 09:55:46: [dotenv@17.3.1] injecting env (9) from .env -- tip: ⚙️  suppress all logs with { quiet: true }
2026-03-03 09:55:46: [dotenv@17.3.1] injecting env (0) from .env -- tip: ⚙️  write to custom object with { processEnv: myObject }
2026-03-03 09:55:46: 🚀 Bot iniciado. Escaneando...
2026-03-03 09:55:49: [dotenv@17.3.1] injecting env (9) from .env -- tip: ⚙️  override existing env vars with { override: true }
2026-03-03 09:55:49: [dotenv@17.3.1] injecting env (0) from .env -- tip: 🤖 agentic secret storage: https://dotenvx.com/as2
2026-03-03 09:55:49: 🚀 Bot iniciado. Escaneando...
2026-03-03 09:55:52: [dotenv@17.3.1] injecting env (9) from .env -- tip: ⚙️  write to custom object with { processEnv: myObject }
2026-03-03 09:55:52: [dotenv@17.3.1] injecting env (0) from .env -- tip: ⚙️  enable debug logging with { debug: true }
2026-03-03 09:55:52: 🚀 Bot iniciado. Escaneando...
2026-03-03 09:55:55: [dotenv@17.3.1] injecting env (9) from .env -- tip: ⚙️  load multiple .env files with { path: ['.env.local', '.env'] }
2026-03-03 09:55:55: [dotenv@17.3.1] injecting env (0) from .env -- tip: 🔐 encrypt with Dotenvx: https://dotenvx.com
2026-03-03 09:55:55: 🚀 Bot iniciado. Escaneando...
2026-03-03 09:55:58: [dotenv@17.3.1] injecting env (9) from .env -- tip: ⚙️  write to custom object with { processEnv: myObject }
2026-03-03 09:55:58: [dotenv@17.3.1] injecting env (0) from .env -- tip: ⚙️  specify custom .env file path with { path: '/custom/path/.env' }
2026-03-03 09:55:58: 🚀 Bot iniciado. Escaneando...
2026-03-03 09:56:01: [dotenv@17.3.1] injecting env (9) from .env -- tip: ⚙️  override existing env vars with { override: true }
2026-03-03 09:56:01: [dotenv@17.3.1] injecting env (0) from .env -- tip: ⚙️  override existing env vars with { override: true }
2026-03-03 09:56:01: 🚀 Bot iniciado. Escaneando...
2026-03-03 09:56:04: [dotenv@17.3.1] injecting env (9) from .env -- tip: ⚙️  suppress all logs with { quiet: true }
2026-03-03 09:56:04: [dotenv@17.3.1] injecting env (0) from .env -- tip: 🛠️  run anywhere with `dotenvx run -- yourcommand`
2026-03-03 09:56:04: 🚀 Bot iniciado. Escaneando...
2026-03-03 09:56:07: [dotenv@17.3.1] injecting env (9) from .env -- tip: 🛡️ auth for agents: https://vestauth.com
2026-03-03 09:56:07: [dotenv@17.3.1] injecting env (0) from .env -- tip: ⚙️  override existing env vars with { override: true }
2026-03-03 09:56:07: 🚀 Bot iniciado. Escaneando...
2026-03-03 09:56:10: [dotenv@17.3.1] injecting env (9) from .env -- tip: ⚙️  suppress all logs with { quiet: true }
2026-03-03 09:56:10: [dotenv@17.3.1] injecting env (0) from .env -- tip: 🛠️  run anywhere with `dotenvx run -- yourcommand`
2026-03-03 09:56:10: 🚀 Bot iniciado. Escaneando...
2026-03-03 09:56:13: [dotenv@17.3.1] injecting env (9) from .env -- tip: 🔐 encrypt with Dotenvx: https://dotenvx.com
2026-03-03 09:56:13: [dotenv@17.3.1] injecting env (0) from .env -- tip: 🛠️  run anywhere with `dotenvx run -- yourcommand`
2026-03-03 09:56:13: 🚀 Bot iniciado. Escaneando...
2026-03-03 09:56:16: [dotenv@17.3.1] injecting env (9) from .env -- tip: ⚙️  override existing env vars with { override: true }
2026-03-03 09:56:16: [dotenv@17.3.1] injecting env (0) from .env -- tip: ⚡️ secrets for agents: https://dotenvx.com/as2
2026-03-03 09:56:16: 🚀 Bot iniciado. Escaneando...
2026-03-03 09:56:19: [dotenv@17.3.1] injecting env (9) from .env -- tip: 🔐 encrypt with Dotenvx: https://dotenvx.com
2026-03-03 09:56:19: [dotenv@17.3.1] injecting env (0) from .env -- tip: ⚙️  enable debug logging with { debug: true }
2026-03-03 09:56:19: 🚀 Bot iniciado. Escaneando...
2026-03-03 09:56:22: [dotenv@17.3.1] injecting env (9) from .env -- tip: ⚙️  enable debug logging with { debug: true }
2026-03-03 09:56:22: [dotenv@17.3.1] injecting env (0) from .env -- tip: ⚙️  suppress all logs with { quiet: true }
2026-03-03 09:56:22: 🚀 Bot iniciado. Escaneando...
2026-03-03 09:56:25: [dotenv@17.3.1] injecting env (9) from .env -- tip: ⚙️  specify custom .env file path with { path: '/custom/path/.env' }
2026-03-03 09:56:25: [dotenv@17.3.1] injecting env (0) from .env -- tip: 🛡️ auth for agents: https://vestauth.com
2026-03-03 09:56:25: 🚀 Bot iniciado. Escaneando...
2026-03-03 09:56:29: [dotenv@17.3.1] injecting env (9) from .env -- tip: ⚙️  override existing env vars with { override: true }
2026-03-03 09:56:29: [dotenv@17.3.1] injecting env (0) from .env -- tip: 🔐 prevent committing .env to code: https://dotenvx.com/precommit
2026-03-03 09:56:29: 🚀 Bot iniciado. Escaneando...
2026-03-03 09:56:32: [dotenv@17.3.1] injecting env (9) from .env -- tip: 🤖 agentic secret storage: https://dotenvx.com/as2
2026-03-03 09:56:32: [dotenv@17.3.1] injecting env (0) from .env -- tip: ⚙️  specify custom .env file path with { path: '/custom/path/.env' }
2026-03-03 09:56:32: 🚀 Bot iniciado. Escaneando...
2026-03-03 09:56:35: [dotenv@17.3.1] injecting env (9) from .env -- tip: 🔐 prevent committing .env to code: https://dotenvx.com/precommit
2026-03-03 09:56:35: [dotenv@17.3.1] injecting env (0) from .env -- tip: ⚙️  write to custom object with { processEnv: myObject }
2026-03-03 09:56:35: 🚀 Bot iniciado. Escaneando...
2026-03-03 09:56:38: [dotenv@17.3.1] injecting env (9) from .env -- tip: ⚙️  enable debug logging with { debug: true }
2026-03-03 09:56:38: [dotenv@17.3.1] injecting env (0) from .env -- tip: ⚙️  override existing env vars with { override: true }
2026-03-03 09:56:38: 🚀 Bot iniciado. Escaneando...
2026-03-03 09:56:41: [dotenv@17.3.1] injecting env (9) from .env -- tip: 🔐 prevent building .env in docker: https://dotenvx.com/prebuild
2026-03-03 09:56:41: [dotenv@17.3.1] injecting env (0) from .env -- tip: ⚙️  write to custom object with { processEnv: myObject }
2026-03-03 09:56:41: 🚀 Bot iniciado. Escaneando...
2026-03-03 09:56:44: [dotenv@17.3.1] injecting env (9) from .env -- tip: 🔐 prevent building .env in docker: https://dotenvx.com/prebuild
2026-03-03 09:56:44: [dotenv@17.3.1] injecting env (0) from .env -- tip: 🛠️  run anywhere with `dotenvx run -- yourcommand`
2026-03-03 09:56:44: 🚀 Bot iniciado. Escaneando...
2026-03-03 09:56:47: [dotenv@17.3.1] injecting env (9) from .env -- tip: ⚙️  write to custom object with { processEnv: myObject }
2026-03-03 09:56:47: [dotenv@17.3.1] injecting env (0) from .env -- tip: 🛡️ auth for agents: https://vestauth.com
2026-03-03 09:56:47: 🚀 Bot iniciado. Escaneando...
2026-03-03 09:56:50: [dotenv@17.3.1] injecting env (9) from .env -- tip: ⚙️  suppress all logs with { quiet: true }
2026-03-03 09:56:50: [dotenv@17.3.1] injecting env (0) from .env -- tip: ⚙️  suppress all logs with { quiet: true }
2026-03-03 09:56:50: 🚀 Bot iniciado. Escaneando...
2026-03-03 09:56:53: [dotenv@17.3.1] injecting env (9) from .env -- tip: 🔐 prevent committing .env to code: https://dotenvx.com/precommit
2026-03-03 09:56:53: [dotenv@17.3.1] injecting env (0) from .env -- tip: ⚙️  suppress all logs with { quiet: true }
2026-03-03 09:56:53: 🚀 Bot iniciado. Escaneando...
2026-03-03 09:56:56: [dotenv@17.3.1] injecting env (9) from .env -- tip: ⚙️  enable debug logging with { debug: true }
2026-03-03 09:56:56: [dotenv@17.3.1] injecting env (0) from .env -- tip: ⚙️  enable debug logging with { debug: true }
2026-03-03 09:56:56: 🚀 Bot iniciado. Escaneando...
2026-03-03 09:56:59: [dotenv@17.3.1] injecting env (9) from .env -- tip: 🔐 prevent building .env in docker: https://dotenvx.com/prebuild
2026-03-03 09:56:59: [dotenv@17.3.1] injecting env (0) from .env -- tip: ⚙️  specify custom .env file path with { path: '/custom/path/.env' }
2026-03-03 09:56:59: 🚀 Bot iniciado. Escaneando...
2026-03-03 09:57:02: [dotenv@17.3.1] injecting env (9) from .env -- tip: ⚙️  enable debug logging with { debug: true }
2026-03-03 09:57:02: [dotenv@17.3.1] injecting env (0) from .env -- tip: ⚙️  write to custom object with { processEnv: myObject }
2026-03-03 09:57:02: 🚀 Bot iniciado. Escaneando...
2026-03-03 09:57:05: [dotenv@17.3.1] injecting env (9) from .env -- tip: ⚙️  enable debug logging with { debug: true }
2026-03-03 09:57:05: [dotenv@17.3.1] injecting env (0) from .env -- tip: ⚡️ secrets for agents: https://dotenvx.com/as2
2026-03-03 09:57:05: 🚀 Bot iniciado. Escaneando...
2026-03-03 09:57:08: [dotenv@17.3.1] injecting env (9) from .env -- tip: 🔐 prevent building .env in docker: https://dotenvx.com/prebuild
2026-03-03 09:57:08: [dotenv@17.3.1] injecting env (0) from .env -- tip: 🔐 encrypt with Dotenvx: https://dotenvx.com
2026-03-03 09:57:08: 🚀 Bot iniciado. Escaneando...
2026-03-03 09:57:11: [dotenv@17.3.1] injecting env (9) from .env -- tip: ⚙️  enable debug logging with { debug: true }
2026-03-03 09:57:11: [dotenv@17.3.1] injecting env (0) from .env -- tip: 🤖 agentic secret storage: https://dotenvx.com/as2
2026-03-03 09:57:11: 🚀 Bot iniciado. Escaneando...
2026-03-03 09:57:15: [dotenv@17.3.1] injecting env (9) from .env -- tip: ⚙️  write to custom object with { processEnv: myObject }
2026-03-03 09:57:15: [dotenv@17.3.1] injecting env (0) from .env -- tip: 🛡️ auth for agents: https://vestauth.com
2026-03-03 09:57:15: 🚀 Bot iniciado. Escaneando...
2026-03-03 09:57:18: [dotenv@17.3.1] injecting env (9) from .env -- tip: ⚙️  override existing env vars with { override: true }
2026-03-03 09:57:18: [dotenv@17.3.1] injecting env (0) from .env -- tip: 🤖 agentic secret storage: https://dotenvx.com/as2
2026-03-03 09:57:18: 🚀 Bot iniciado. Escaneando...
2026-03-03 09:57:21: [dotenv@17.3.1] injecting env (9) from .env -- tip: 🤖 agentic secret storage: https://dotenvx.com/as2
2026-03-03 09:57:21: [dotenv@17.3.1] injecting env (0) from .env -- tip: ⚙️  write to custom object with { processEnv: myObject }
2026-03-03 09:57:21: 🚀 Bot iniciado. Escaneando...
2026-03-03 09:57:24: [dotenv@17.3.1] injecting env (9) from .env -- tip: ⚙️  specify custom .env file path with { path: '/custom/path/.env' }
2026-03-03 09:57:24: [dotenv@17.3.1] injecting env (0) from .env -- tip: ⚡️ secrets for agents: https://dotenvx.com/as2
2026-03-03 09:57:24: 🚀 Bot iniciado. Escaneando...
2026-03-03 09:57:27: [dotenv@17.3.1] injecting env (9) from .env -- tip: 🔐 encrypt with Dotenvx: https://dotenvx.com
2026-03-03 09:57:27: [dotenv@17.3.1] injecting env (0) from .env -- tip: ⚙️  override existing env vars with { override: true }
2026-03-03 09:57:27: 🚀 Bot iniciado. Escaneando...
2026-03-03 09:57:30: [dotenv@17.3.1] injecting env (9) from .env -- tip: ⚙️  load multiple .env files with { path: ['.env.local', '.env'] }
2026-03-03 09:57:30: [dotenv@17.3.1] injecting env (0) from .env -- tip: ⚙️  specify custom .env file path with { path: '/custom/path/.env' }
2026-03-03 09:57:30: 🚀 Bot iniciado. Escaneando...
2026-03-03 09:57:33: [dotenv@17.3.1] injecting env (9) from .env -- tip: 🔐 prevent building .env in docker: https://dotenvx.com/prebuild
2026-03-03 09:57:33: [dotenv@17.3.1] injecting env (0) from .env -- tip: ⚙️  specify custom .env file path with { path: '/custom/path/.env' }
2026-03-03 09:57:33: 🚀 Bot iniciado. Escaneando...
2026-03-03 09:57:36: [dotenv@17.3.1] injecting env (9) from .env -- tip: ⚙️  write to custom object with { processEnv: myObject }
2026-03-03 09:57:36: [dotenv@17.3.1] injecting env (0) from .env -- tip: ⚙️  load multiple .env files with { path: ['.env.local', '.env'] }
2026-03-03 09:57:36: 🚀 Bot iniciado. Escaneando...
2026-03-03 09:57:39: [dotenv@17.3.1] injecting env (9) from .env -- tip: 🔐 encrypt with Dotenvx: https://dotenvx.com
2026-03-03 09:57:39: [dotenv@17.3.1] injecting env (0) from .env -- tip: 🛡️ auth for agents: https://vestauth.com
2026-03-03 09:57:39: 🚀 Bot iniciado. Escaneando...
2026-03-03 09:57:42: [dotenv@17.3.1] injecting env (9) from .env -- tip: ⚙️  write to custom object with { processEnv: myObject }
2026-03-03 09:57:42: [dotenv@17.3.1] injecting env (0) from .env -- tip: ⚙️  override existing env vars with { override: true }
2026-03-03 09:57:42: 🚀 Bot iniciado. Escaneando...
2026-03-03 09:57:45: [dotenv@17.3.1] injecting env (9) from .env -- tip: ⚙️  load multiple .env files with { path: ['.env.local', '.env'] }
2026-03-03 09:57:45: [dotenv@17.3.1] injecting env (0) from .env -- tip: 🔐 encrypt with Dotenvx: https://dotenvx.com
2026-03-03 09:57:45: 🚀 Bot iniciado. Escaneando...
2026-03-03 09:57:46: [dotenv@17.3.1] injecting env (9) from .env -- tip: ⚙️  enable debug logging with { debug: true }
2026-03-03 09:57:46: [dotenv@17.3.1] injecting env (0) from .env -- tip: ⚙️  specify custom .env file path with { path: '/custom/path/.env' }
2026-03-03 09:57:46: 🚀 Bot iniciado. Escaneando...
2026-03-03 09:57:46: [dotenv@17.3.1] injecting env (9) from .env -- tip: ⚙️  override existing env vars with { override: true }
2026-03-03 09:57:46: [dotenv@17.3.1] injecting env (0) from .env -- tip: ⚙️  load multiple .env files with { path: ['.env.local', '.env'] }
2026-03-03 09:57:46: 🚀 Bot iniciado. Escaneando...
2026-03-03 09:57:46: [dotenv@17.3.1] injecting env (9) from .env -- tip: 🔐 encrypt with Dotenvx: https://dotenvx.com
2026-03-03 09:57:46: [dotenv@17.3.1] injecting env (0) from .env -- tip: 🔐 prevent building .env in docker: https://dotenvx.com/prebuild
2026-03-03 09:57:46: 🚀 Bot iniciado. Escaneando...
2026-03-03 09:57:46: [dotenv@17.3.1] injecting env (9) from .env -- tip: 🔐 prevent committing .env to code: https://dotenvx.com/precommit
2026-03-03 09:57:46: [dotenv@17.3.1] injecting env (0) from .env -- tip: 🔐 prevent committing .env to code: https://dotenvx.com/precommit
2026-03-03 09:57:46: 🚀 Bot iniciado. Escaneando...
2026-03-03 09:57:47: [dotenv@17.3.1] injecting env (9) from .env -- tip: ⚙️  specify custom .env file path with { path: '/custom/path/.env' }
2026-03-03 09:57:47: [dotenv@17.3.1] injecting env (0) from .env -- tip: ⚙️  specify custom .env file path with { path: '/custom/path/.env' }
2026-03-03 09:57:47: 🚀 Bot iniciado. Escaneando...
2026-03-03 09:57:47: [dotenv@17.3.1] injecting env (9) from .env -- tip: ⚙️  override existing env vars with { override: true }
2026-03-03 09:57:47: [dotenv@17.3.1] injecting env (0) from .env -- tip: 🔐 prevent committing .env to code: https://dotenvx.com/precommit
2026-03-03 09:57:47: 🚀 Bot iniciado. Escaneando...
2026-03-03 09:57:47: [dotenv@17.3.1] injecting env (9) from .env -- tip: 🔐 encrypt with Dotenvx: https://dotenvx.com
2026-03-03 09:57:47: [dotenv@17.3.1] injecting env (0) from .env -- tip: ⚙️  load multiple .env files with { path: ['.env.local', '.env'] }
2026-03-03 09:57:47: 🚀 Bot iniciado. Escaneando...
2026-03-03 09:57:47: [dotenv@17.3.1] injecting env (9) from .env -- tip: ⚙️  specify custom .env file path with { path: '/custom/path/.env' }
2026-03-03 09:57:47: [dotenv@17.3.1] injecting env (0) from .env -- tip: ⚙️  override existing env vars with { override: true }
2026-03-03 09:57:47: 🚀 Bot iniciado. Escaneando...
2026-03-03 09:57:47: [dotenv@17.3.1] injecting env (9) from .env -- tip: ⚙️  suppress all logs with { quiet: true }
2026-03-03 09:57:47: [dotenv@17.3.1] injecting env (0) from .env -- tip: 🛠️  run anywhere with `dotenvx run -- yourcommand`
2026-03-03 09:57:47: 🚀 Bot iniciado. Escaneando...
2026-03-03 09:57:47: [dotenv@17.3.1] injecting env (9) from .env -- tip: ⚙️  override existing env vars with { override: true }
2026-03-03 09:57:47: [dotenv@17.3.1] injecting env (0) from .env -- tip: ⚙️  enable debug logging with { debug: true }
2026-03-03 09:57:47: 🚀 Bot iniciado. Escaneando...
2026-03-03 09:57:47: [dotenv@17.3.1] injecting env (9) from .env -- tip: 🔐 prevent committing .env to code: https://dotenvx.com/precommit
2026-03-03 09:57:47: [dotenv@17.3.1] injecting env (0) from .env -- tip: ⚡️ secrets for agents: https://dotenvx.com/as2
2026-03-03 09:57:47: 🚀 Bot iniciado. Escaneando...
2026-03-03 09:57:47: [dotenv@17.3.1] injecting env (9) from .env -- tip: 🔐 prevent committing .env to code: https://dotenvx.com/precommit
2026-03-03 09:57:47: [dotenv@17.3.1] injecting env (0) from .env -- tip: ⚙️  suppress all logs with { quiet: true }
2026-03-03 09:57:47: 🚀 Bot iniciado. Escaneando...
2026-03-03 09:57:47: [dotenv@17.3.1] injecting env (9) from .env -- tip: 🔐 encrypt with Dotenvx: https://dotenvx.com
2026-03-03 09:57:47: [dotenv@17.3.1] injecting env (0) from .env -- tip: 🛡️ auth for agents: https://vestauth.com
2026-03-03 09:57:47: 🚀 Bot iniciado. Escaneando...
2026-03-03 09:57:48: [dotenv@17.3.1] injecting env (9) from .env -- tip: 🛡️ auth for agents: https://vestauth.com
2026-03-03 09:57:48: [dotenv@17.3.1] injecting env (0) from .env -- tip: ⚙️  override existing env vars with { override: true }
2026-03-03 09:57:48: 🚀 Bot iniciado. Escaneando...
2026-03-03 09:57:48: [dotenv@17.3.1] injecting env (9) from .env -- tip: 🤖 agentic secret storage: https://dotenvx.com/as2
2026-03-03 09:57:48: [dotenv@17.3.1] injecting env (0) from .env -- tip: ⚙️  write to custom object with { processEnv: myObject }
2026-03-03 09:57:48: 🚀 Bot iniciado. Escaneando...
2026-03-03 09:59:23: [dotenv@17.3.1] injecting env (9) from .env -- tip: 🔐 prevent building .env in docker: https://dotenvx.com/prebuild
2026-03-03 09:59:23: [dotenv@17.3.1] injecting env (0) from .env -- tip: 🔐 prevent committing .env to code: https://dotenvx.com/precommit
2026-03-03 09:59:26: [dotenv@17.3.1] injecting env (9) from .env -- tip: ⚙️  specify custom .env file path with { path: '/custom/path/.env' }
2026-03-03 09:59:26: [dotenv@17.3.1] injecting env (0) from .env -- tip: 🛠️  run anywhere with `dotenvx run -- yourcommand`
2026-03-03 09:59:29: [dotenv@17.3.1] injecting env (9) from .env -- tip: ⚙️  override existing env vars with { override: true }
2026-03-03 09:59:29: [dotenv@17.3.1] injecting env (0) from .env -- tip: ⚙️  load multiple .env files with { path: ['.env.local', '.env'] }
2026-03-03 09:59:33: [dotenv@17.3.1] injecting env (9) from .env -- tip: ⚡️ secrets for agents: https://dotenvx.com/as2
2026-03-03 09:59:33: [dotenv@17.3.1] injecting env (0) from .env -- tip: ⚙️  override existing env vars with { override: true }
2026-03-03 09:59:36: [dotenv@17.3.1] injecting env (9) from .env -- tip: ⚡️ secrets for agents: https://dotenvx.com/as2
2026-03-03 09:59:36: [dotenv@17.3.1] injecting env (0) from .env -- tip: ⚙️  specify custom .env file path with { path: '/custom/path/.env' }
2026-03-03 09:59:39: [dotenv@17.3.1] injecting env (9) from .env -- tip: 🛠️  run anywhere with `dotenvx run -- yourcommand`
2026-03-03 09:59:39: [dotenv@17.3.1] injecting env (0) from .env -- tip: ⚙️  override existing env vars with { override: true }
2026-03-03 09:59:42: [dotenv@17.3.1] injecting env (9) from .env -- tip: ⚡️ secrets for agents: https://dotenvx.com/as2
2026-03-03 09:59:42: [dotenv@17.3.1] injecting env (0) from .env -- tip: ⚡️ secrets for agents: https://dotenvx.com/as2
